#
# There is insufficient memory for the Java Runtime Environment to continue.
# Native memory allocation (mmap) failed to map 16384 bytes for committing reserved memory.
# Possible reasons:
#   The system is out of physical RAM or swap space
#   The process is running with CompressedOops enabled, and the Java Heap may be blocking the growth of the native heap
# Possible solutions:
#   Reduce memory load on the system
#   Increase physical memory or swap space
#   Check if swap backing store is full
#   Decrease Java heap size (-Xmx/-Xms)
#   Decrease number of Java threads
#   Decrease Java thread stack sizes (-Xss)
#   Set larger code cache with -XX:ReservedCodeCacheSize=
#   JVM is running with Unscaled Compressed Oops mode in which the Java heap is
#     placed in the first 4GB address space. The Java Heap base address is the
#     maximum limit for the native heap growth. Please use -XX:HeapBaseMinAddress
#     to set the Java Heap base and to place the Java Heap above 4GB virtual address.
# This output file may be truncated or incomplete.
#
#  Out of Memory Error (os_linux.cpp:2922), pid=4693, tid=4860
#
# JRE version: OpenJDK Runtime Environment (11.0.10+9) (build 11.0.10+9-Ubuntu-0ubuntu1.18.04)
# Java VM: OpenJDK 64-Bit Server VM (11.0.10+9-Ubuntu-0ubuntu1.18.04, mixed mode, sharing, tiered, compressed oops, g1 gc, linux-amd64)
# No core dump will be written. Core dumps have been disabled. To enable core dumping, try "ulimit -c unlimited" before starting Java again
#

---------------  S U M M A R Y ------------

Command Line: -Xmx1g org.apache.spark.deploy.SparkSubmit cf.py ml-latest-small result/recommendation/

Host: Intel(R) Core(TM) i5-4460  CPU @ 3.20GHz, 4 cores, 6G, Ubuntu 18.04.4 LTS
Time: Thu May 20 16:33:31 2021 WEST elapsed time: 1313.062529 seconds (0d 0h 21m 53s)

---------------  T H R E A D  ---------------

Current thread (0x00007f8628002000):  JavaThread "SIGINT handler" daemon [_thread_new, id=4860, stack(0x00007f85d45c0000,0x00007f85d46c1000)]

Stack: [0x00007f85d45c0000,0x00007f85d46c1000],  sp=0x00007f85d46bf990,  free space=1022k
Native frames: (J=compiled Java code, A=aot compiled Java code, j=interpreted, Vv=VM code, C=native code)
V  [libjvm.so+0xeedcaa]
V  [libjvm.so+0xeee93b]
V  [libjvm.so+0x683655]
V  [libjvm.so+0xc17148]
V  [libjvm.so+0xc0dc9f]
V  [libjvm.so+0xc1890f]
V  [libjvm.so+0xe7f5b0]
V  [libjvm.so+0xe7bf9f]
V  [libjvm.so+0xc1d34e]


---------------  P R O C E S S  ---------------

Threads class SMR info:
_java_thread_list=0x00007f8628002c10, length=61, elements={
0x00007f866c01d000, 0x00007f866c0e6800, 0x00007f866c0e8800, 0x00007f866c0f1000,
0x00007f866c0f3000, 0x00007f866c0f5000, 0x00007f866c0f7000, 0x00007f866c0f9000,
0x00007f866c11e800, 0x00007f866e7fb000, 0x00007f866e932800, 0x00007f85f8008800,
0x00007f866e93b000, 0x00007f85fc006800, 0x00007f860832e000, 0x00007f8608333800,
0x00007f8608335000, 0x00007f8608337000, 0x00007f8608338800, 0x00007f860836b800,
0x00007f8608372800, 0x00007f8608376000, 0x00007f8608377800, 0x00007f8608379000,
0x00007f860837b000, 0x00007f860837c800, 0x00007f860837e800, 0x00007f86083d6800,
0x00007f86083fb000, 0x00007f86083f3000, 0x00007f8608529000, 0x00007f8608529800,
0x00007f860852b800, 0x00007f860852d000, 0x00007f860852f000, 0x00007f8608530800,
0x00007f8608533000, 0x00007f8608534800, 0x00007f85e0005000, 0x00007f86181b3800,
0x00007f8608596800, 0x00007f8608598000, 0x00007f860892b000, 0x00007f860897e800,
0x00007f8608995800, 0x00007f86089be800, 0x00007f8608af7800, 0x00007f8608af9800,
0x00007f8608aff800, 0x00007f8608b02000, 0x00007f8648035000, 0x00007f8608d6c800,
0x00007f85d0063000, 0x00007f85d006d000, 0x00007f85d006e800, 0x00007f85d0070800,
0x00007f85e0007800, 0x00007f85e0009000, 0x00007f85d8034000, 0x00007f85d8035800,
0x00007f8628002000
}

Java Threads: ( => current thread )
  0x00007f866c01d000 JavaThread "main" [_thread_blocked, id=4718, stack(0x00007f8675a8c000,0x00007f8675b8d000)]
  0x00007f866c0e6800 JavaThread "Reference Handler" daemon [_thread_blocked, id=4725, stack(0x00007f8670452000,0x00007f8670553000)]
  0x00007f866c0e8800 JavaThread "Finalizer" daemon [_thread_blocked, id=4726, stack(0x00007f8670351000,0x00007f8670452000)]
  0x00007f866c0f1000 JavaThread "Signal Dispatcher" daemon [_thread_blocked, id=4727, stack(0x00007f862feff000,0x00007f8630000000)]
  0x00007f866c0f3000 JavaThread "Service Thread" daemon [_thread_blocked, id=4728, stack(0x00007f862fdfe000,0x00007f862feff000)]
  0x00007f866c0f5000 JavaThread "C2 CompilerThread0" daemon [_thread_in_native, id=4729, stack(0x00007f862fcfd000,0x00007f862fdfe000)]
  0x00007f866c0f7000 JavaThread "C1 CompilerThread0" daemon [_thread_in_native, id=4730, stack(0x00007f862fbfc000,0x00007f862fcfd000)]
  0x00007f866c0f9000 JavaThread "Sweeper thread" daemon [_thread_blocked, id=4731, stack(0x00007f862fafb000,0x00007f862fbfc000)]
  0x00007f866c11e800 JavaThread "Common-Cleaner" daemon [_thread_blocked, id=4733, stack(0x00007f862f8f8000,0x00007f862f9f9000)]
  0x00007f866e7fb000 JavaThread "process reaper" daemon [_thread_in_native, id=4739, stack(0x00007f865406f000,0x00007f8654091000)]
  0x00007f866e932800 JavaThread "pool-2-thread-1" [_thread_blocked, id=4741, stack(0x00007f862e7aa000,0x00007f862e8ab000)]
  0x00007f85f8008800 JavaThread "Thread-3" daemon [_thread_in_native, id=4743, stack(0x00007f862db96000,0x00007f862dc97000)]
  0x00007f866e93b000 JavaThread "redirect output" daemon [_thread_in_native, id=4745, stack(0x00007f862de9a000,0x00007f862df9b000)]
  0x00007f85fc006800 JavaThread "Thread-4" daemon [_thread_in_native, id=4746, stack(0x00007f862f3cf000,0x00007f862f4d0000)]
  0x00007f860832e000 JavaThread "rpc-boss-3-1" daemon [_thread_in_native, id=4750, stack(0x00007f862d390000,0x00007f862d491000)]
  0x00007f8608333800 JavaThread "dispatcher-event-loop-0" daemon [_thread_blocked, id=4751, stack(0x00007f862d28f000,0x00007f862d390000)]
  0x00007f8608335000 JavaThread "dispatcher-event-loop-1" daemon [_thread_blocked, id=4752, stack(0x00007f862d18e000,0x00007f862d28f000)]
  0x00007f8608337000 JavaThread "dispatcher-event-loop-2" daemon [_thread_blocked, id=4753, stack(0x00007f862d08d000,0x00007f862d18e000)]
  0x00007f8608338800 JavaThread "dispatcher-event-loop-3" daemon [_thread_blocked, id=4754, stack(0x00007f862cf8c000,0x00007f862d08d000)]
  0x00007f860836b800 JavaThread "map-output-dispatcher-0" daemon [_thread_blocked, id=4755, stack(0x00007f862cc8b000,0x00007f862cd8c000)]
  0x00007f8608372800 JavaThread "map-output-dispatcher-1" daemon [_thread_blocked, id=4756, stack(0x00007f862cb8a000,0x00007f862cc8b000)]
  0x00007f8608376000 JavaThread "map-output-dispatcher-2" daemon [_thread_blocked, id=4757, stack(0x00007f862ca89000,0x00007f862cb8a000)]
  0x00007f8608377800 JavaThread "map-output-dispatcher-3" daemon [_thread_blocked, id=4758, stack(0x00007f862c988000,0x00007f862ca89000)]
  0x00007f8608379000 JavaThread "map-output-dispatcher-4" daemon [_thread_blocked, id=4759, stack(0x00007f862c887000,0x00007f862c988000)]
  0x00007f860837b000 JavaThread "map-output-dispatcher-5" daemon [_thread_blocked, id=4760, stack(0x00007f862c786000,0x00007f862c887000)]
  0x00007f860837c800 JavaThread "map-output-dispatcher-6" daemon [_thread_blocked, id=4761, stack(0x00007f862c685000,0x00007f862c786000)]
  0x00007f860837e800 JavaThread "map-output-dispatcher-7" daemon [_thread_blocked, id=4762, stack(0x00007f862c584000,0x00007f862c685000)]
  0x00007f86083d6800 JavaThread "dispatcher-BlockManagerMaster" daemon [_thread_blocked, id=4763, stack(0x00007f862c483000,0x00007f862c584000)]
  0x00007f86083fb000 JavaThread "dispatcher-BlockManagerEndpoint1" daemon [_thread_blocked, id=4764, stack(0x00007f862c382000,0x00007f862c483000)]
  0x00007f86083f3000 JavaThread "RemoteBlock-temp-file-clean-thread" daemon [_thread_blocked, id=4765, stack(0x00007f862c281000,0x00007f862c382000)]
  0x00007f8608529000 JavaThread "SparkUI-37" daemon [_thread_in_native, id=4766, stack(0x00007f862d491000,0x00007f862d592000)]
  0x00007f8608529800 JavaThread "SparkUI-38" daemon [_thread_in_native, id=4767, stack(0x00007f85d7cff000,0x00007f85d7e00000)]
  0x00007f860852b800 JavaThread "SparkUI-39-acceptor-0@535a34f4-ServerConnector@5d9dd0ef{HTTP/1.1, (http/1.1)}{0.0.0.0:4040}" daemon [_thread_in_native, id=4768, stack(0x00007f85d7bfe000,0x00007f85d7cff000)]
  0x00007f860852d000 JavaThread "SparkUI-40" daemon [_thread_blocked, id=4769, stack(0x00007f85d7afd000,0x00007f85d7bfe000)]
  0x00007f860852f000 JavaThread "SparkUI-41" daemon [_thread_blocked, id=4770, stack(0x00007f85d79fc000,0x00007f85d7afd000)]
  0x00007f8608530800 JavaThread "SparkUI-42" daemon [_thread_blocked, id=4771, stack(0x00007f85d78fb000,0x00007f85d79fc000)]
  0x00007f8608533000 JavaThread "SparkUI-43" daemon [_thread_blocked, id=4772, stack(0x00007f85d77fa000,0x00007f85d78fb000)]
  0x00007f8608534800 JavaThread "SparkUI-44" daemon [_thread_blocked, id=4773, stack(0x00007f85d76f9000,0x00007f85d77fa000)]
  0x00007f85e0005000 JavaThread "heartbeat-receiver-event-loop-thread" daemon [_thread_blocked, id=4775, stack(0x00007f85d74f7000,0x00007f85d75f8000)]
  0x00007f86181b3800 JavaThread "netty-rpc-env-timeout" daemon [_thread_blocked, id=4776, stack(0x00007f85d73f6000,0x00007f85d74f7000)]
  0x00007f8608596800 JavaThread "Timer-0" daemon [_thread_blocked, id=4777, stack(0x00007f85d72f5000,0x00007f85d73f6000)]
  0x00007f8608598000 JavaThread "Timer-1" daemon [_thread_blocked, id=4778, stack(0x00007f85d71f4000,0x00007f85d72f5000)]
  0x00007f860892b000 JavaThread "dag-scheduler-event-loop" daemon [_thread_blocked, id=4779, stack(0x00007f85d6b13000,0x00007f85d6c14000)]
  0x00007f860897e800 JavaThread "driver-heartbeater" daemon [_thread_blocked, id=4780, stack(0x00007f85d6ef3000,0x00007f85d6ff4000)]
  0x00007f8608995800 JavaThread "executor-heartbeater" daemon [_thread_in_vm, id=4781, stack(0x00007f85d6df2000,0x00007f85d6ef3000)]
  0x00007f86089be800 JavaThread "shuffle-boss-6-1" daemon [_thread_in_native, id=4782, stack(0x00007f85d6cf1000,0x00007f85d6df2000)]
  0x00007f8608af7800 JavaThread "Spark Context Cleaner" daemon [_thread_blocked, id=4783, stack(0x00007f85d6a12000,0x00007f85d6b13000)]
  0x00007f8608af9800 JavaThread "context-cleaner-periodic-gc" daemon [_thread_blocked, id=4784, stack(0x00007f85d6911000,0x00007f85d6a12000)]
  0x00007f8608aff800 JavaThread "spark-listener-group-appStatus" daemon [_thread_blocked, id=4785, stack(0x00007f85d63fe000,0x00007f85d64ff000)]
  0x00007f8608b02000 JavaThread "spark-listener-group-executorManagement" daemon [_thread_blocked, id=4786, stack(0x00007f85d62fd000,0x00007f85d63fe000)]
  0x00007f8648035000 JavaThread "element-tracking-store-worker" daemon [_thread_blocked, id=4787, stack(0x00007f85d61fc000,0x00007f85d62fd000)]
  0x00007f8608d6c800 JavaThread "org.apache.hadoop.fs.FileSystem$Statistics$StatisticsDataReferenceCleaner" daemon [_thread_blocked, id=4789, stack(0x00007f85d5afb000,0x00007f85d5bfc000)]
  0x00007f85d0063000 JavaThread "Idle Worker Monitor for python3" daemon [_thread_blocked, id=4791, stack(0x00007f85d50c9000,0x00007f85d51ca000)]
  0x00007f85d006d000 JavaThread "process reaper" daemon [_thread_in_native, id=4793, stack(0x00007f865404d000,0x00007f865406f000)]
  0x00007f85d006e800 JavaThread "stdout reader for python3" daemon [_thread_in_native, id=4794, stack(0x00007f85d4fc8000,0x00007f85d50c9000)]
  0x00007f85d0070800 JavaThread "stderr reader for python3" daemon [_thread_in_native, id=4795, stack(0x00007f85d4ec7000,0x00007f85d4fc8000)]
  0x00007f85e0007800 JavaThread "task-result-getter-0" daemon [_thread_blocked, id=4800, stack(0x00007f85d75f8000,0x00007f85d76f9000)]
  0x00007f85e0009000 JavaThread "task-result-getter-1" daemon [_thread_blocked, id=4814, stack(0x00007f85cfcff000,0x00007f85cfe00000)]
  0x00007f85d8034000 JavaThread "task-result-getter-2" daemon [_thread_blocked, id=4815, stack(0x00007f85cfbfe000,0x00007f85cfcff000)]
  0x00007f85d8035800 JavaThread "task-result-getter-3" daemon [_thread_blocked, id=4825, stack(0x00007f85cf4f7000,0x00007f85cf5f8000)]
=>0x00007f8628002000 JavaThread "SIGINT handler" daemon [_thread_new, id=4860, stack(0x00007f85d45c0000,0x00007f85d46c1000)]

Other Threads:
  0x00007f866c0e3800 VMThread "VM Thread" [stack: 0x00007f8670555000,0x00007f8670655000] [id=4724]
  0x00007f866c14d000 WatcherThread [stack: 0x00007f862f9fb000,0x00007f862fafb000] [id=4732]
  0x00007f866c035800 GCTaskThread "GC Thread#0" [stack: 0x00007f8671943000,0x00007f8671a43000] [id=4719]
  0x00007f863c001000 GCTaskThread "GC Thread#1" [stack: 0x00007f862f2cf000,0x00007f862f3cf000] [id=4735]
  0x00007f863c004000 GCTaskThread "GC Thread#2" [stack: 0x00007f862d896000,0x00007f862d996000] [id=4747]
  0x00007f863c005800 GCTaskThread "GC Thread#3" [stack: 0x00007f862d794000,0x00007f862d894000] [id=4748]
  0x00007f866c051800 ConcurrentGCThread "G1 Main Marker" [stack: 0x00007f8670e3d000,0x00007f8670f3d000] [id=4720]
  0x00007f866c053000 ConcurrentGCThread "G1 Conc#0" [stack: 0x00007f8670d3b000,0x00007f8670e3b000] [id=4721]
  0x00007f866c0b5000 ConcurrentGCThread "G1 Refine#0" [stack: 0x00007f8670835000,0x00007f8670935000] [id=4722]
  0x00007f866c0b7000 ConcurrentGCThread "G1 Young RemSet Sampling" [stack: 0x00007f8670733000,0x00007f8670833000] [id=4723]

Threads with active compile tasks:
C2 CompilerThread01336288 5388       4       sun.management.spi.PlatformMBeanProvider$PlatformComponent::getMBeans (87 bytes)
C1 CompilerThread01336312 5442       1       org.apache.spark.scheduler.SparkListenerExecutorMetricsUpdate::executorUpdates (5 bytes)

VM state:not at safepoint (normal execution)

VM Mutex/Monitor currently owned by a thread: None

Heap address: 0x00000000c0000000, size: 1024 MB, Compressed Oops mode: 32-bit
Narrow klass base: 0x0000000800000000, Narrow klass shift: 3
Compressed class space size: 1073741824 Address: 0x0000000840000000

Heap:
 garbage-first heap   total 147456K, used 35150K [0x00000000c0000000, 0x0000000100000000)
  region size 1024K, 4 young (4096K), 1 survivors (1024K)
 Metaspace       used 58821K, capacity 62150K, committed 62244K, reserved 1101824K
  class space    used 8798K, capacity 10528K, committed 10532K, reserved 1048576K
Heap Regions: E=young(eden), S=young(survivor), O=old, HS=humongous(starts), HC=humongous(continues), CS=collection set, F=free, A=archive, TAMS=top-at-mark-start (previous, next)
|   0|0x00000000c0000000, 0x00000000c0100000, 0x00000000c0100000|100%|HS|  |TAMS 0x00000000c0100000, 0x00000000c0000000| Complete 
|   1|0x00000000c0100000, 0x00000000c0200000, 0x00000000c0200000|100%|HS|  |TAMS 0x00000000c0200000, 0x00000000c0100000| Complete 
|   2|0x00000000c0200000, 0x00000000c0300000, 0x00000000c0300000|100%| O|  |TAMS 0x00000000c0300000, 0x00000000c0200000| Untracked 
|   3|0x00000000c0300000, 0x00000000c0400000, 0x00000000c0400000|100%| O|  |TAMS 0x00000000c0400000, 0x00000000c0300000| Untracked 
|   4|0x00000000c0400000, 0x00000000c0500000, 0x00000000c0500000|100%| O|  |TAMS 0x00000000c0500000, 0x00000000c0400000| Untracked 
|   5|0x00000000c0500000, 0x00000000c0600000, 0x00000000c0600000|100%| O|  |TAMS 0x00000000c0600000, 0x00000000c0500000| Untracked 
|   6|0x00000000c0600000, 0x00000000c0700000, 0x00000000c0700000|100%| O|  |TAMS 0x00000000c0700000, 0x00000000c0600000| Untracked 
|   7|0x00000000c0700000, 0x00000000c0800000, 0x00000000c0800000|100%| O|  |TAMS 0x00000000c0800000, 0x00000000c0700000| Untracked 
|   8|0x00000000c0800000, 0x00000000c0900000, 0x00000000c0900000|100%| O|  |TAMS 0x00000000c0900000, 0x00000000c0800000| Untracked 
|   9|0x00000000c0900000, 0x00000000c0a00000, 0x00000000c0a00000|100%| O|  |TAMS 0x00000000c0a00000, 0x00000000c0900000| Untracked 
|  10|0x00000000c0a00000, 0x00000000c0b00000, 0x00000000c0b00000|100%| O|  |TAMS 0x00000000c0b00000, 0x00000000c0a00000| Untracked 
|  11|0x00000000c0b00000, 0x00000000c0c00000, 0x00000000c0c00000|100%|HS|  |TAMS 0x00000000c0c00000, 0x00000000c0b00000| Complete 
|  12|0x00000000c0c00000, 0x00000000c0d00000, 0x00000000c0d00000|100%| O|  |TAMS 0x00000000c0d00000, 0x00000000c0c00000| Untracked 
|  13|0x00000000c0d00000, 0x00000000c0e00000, 0x00000000c0e00000|100%| O|  |TAMS 0x00000000c0e00000, 0x00000000c0d00000| Untracked 
|  14|0x00000000c0e00000, 0x00000000c0f00000, 0x00000000c0f00000|100%| O|  |TAMS 0x00000000c0f00000, 0x00000000c0e00000| Untracked 
|  15|0x00000000c0f00000, 0x00000000c1000000, 0x00000000c1000000|100%| O|  |TAMS 0x00000000c1000000, 0x00000000c0f00000| Untracked 
|  16|0x00000000c1000000, 0x00000000c1100000, 0x00000000c1100000|100%| O|  |TAMS 0x00000000c1100000, 0x00000000c1000000| Untracked 
|  17|0x00000000c1100000, 0x00000000c1200000, 0x00000000c1200000|100%| O|  |TAMS 0x00000000c1200000, 0x00000000c1100000| Untracked 
|  18|0x00000000c1200000, 0x00000000c1300000, 0x00000000c1300000|100%| O|  |TAMS 0x00000000c1300000, 0x00000000c1200000| Untracked 
|  19|0x00000000c1300000, 0x00000000c1400000, 0x00000000c1400000|100%| O|  |TAMS 0x00000000c1300000, 0x00000000c1300000| Untracked 
|  20|0x00000000c1400000, 0x00000000c1500000, 0x00000000c1500000|100%| O|  |TAMS 0x00000000c1400000, 0x00000000c1400000| Untracked 
|  21|0x00000000c1500000, 0x00000000c1600000, 0x00000000c1600000|100%| O|  |TAMS 0x00000000c1500000, 0x00000000c1500000| Untracked 
|  22|0x00000000c1600000, 0x00000000c1700000, 0x00000000c1700000|100%| O|  |TAMS 0x00000000c1600000, 0x00000000c1600000| Untracked 
|  23|0x00000000c1700000, 0x00000000c17c5000, 0x00000000c1800000| 76%| O|  |TAMS 0x00000000c1700000, 0x00000000c1700000| Untracked 
|  24|0x00000000c1800000, 0x00000000c1800000, 0x00000000c1900000|  0%| F|  |TAMS 0x00000000c1800000, 0x00000000c1800000| Untracked 
|  25|0x00000000c1900000, 0x00000000c1900000, 0x00000000c1a00000|  0%| F|  |TAMS 0x00000000c1900000, 0x00000000c1900000| Untracked 
|  26|0x00000000c1a00000, 0x00000000c1a00000, 0x00000000c1b00000|  0%| F|  |TAMS 0x00000000c1a00000, 0x00000000c1a00000| Untracked 
|  27|0x00000000c1b00000, 0x00000000c1b00000, 0x00000000c1c00000|  0%| F|  |TAMS 0x00000000c1b00000, 0x00000000c1b00000| Untracked 
|  28|0x00000000c1c00000, 0x00000000c1c00000, 0x00000000c1d00000|  0%| F|  |TAMS 0x00000000c1c00000, 0x00000000c1c00000| Untracked 
|  29|0x00000000c1d00000, 0x00000000c1e00000, 0x00000000c1e00000|100%| O|  |TAMS 0x00000000c1e00000, 0x00000000c1d00000| Untracked 
|  30|0x00000000c1e00000, 0x00000000c1f00000, 0x00000000c1f00000|100%| O|  |TAMS 0x00000000c1f00000, 0x00000000c1e00000| Untracked 
|  31|0x00000000c1f00000, 0x00000000c2000000, 0x00000000c2000000|100%| O|  |TAMS 0x00000000c2000000, 0x00000000c1f00000| Untracked 
|  32|0x00000000c2000000, 0x00000000c2100000, 0x00000000c2100000|100%| O|  |TAMS 0x00000000c2100000, 0x00000000c2000000| Untracked 
|  33|0x00000000c2100000, 0x00000000c2200000, 0x00000000c2200000|100%| O|  |TAMS 0x00000000c2200000, 0x00000000c2100000| Untracked 
|  34|0x00000000c2200000, 0x00000000c2200000, 0x00000000c2300000|  0%| F|  |TAMS 0x00000000c2200000, 0x00000000c2200000| Untracked 
|  35|0x00000000c2300000, 0x00000000c2300000, 0x00000000c2400000|  0%| F|  |TAMS 0x00000000c2300000, 0x00000000c2300000| Untracked 
|  36|0x00000000c2400000, 0x00000000c2400000, 0x00000000c2500000|  0%| F|  |TAMS 0x00000000c2400000, 0x00000000c2400000| Untracked 
|  37|0x00000000c2500000, 0x00000000c2500000, 0x00000000c2600000|  0%| F|  |TAMS 0x00000000c2500000, 0x00000000c2500000| Untracked 
|  38|0x00000000c2600000, 0x00000000c2600000, 0x00000000c2700000|  0%| F|  |TAMS 0x00000000c2600000, 0x00000000c2600000| Untracked 
|  39|0x00000000c2700000, 0x00000000c2700000, 0x00000000c2800000|  0%| F|  |TAMS 0x00000000c2700000, 0x00000000c2700000| Untracked 
|  40|0x00000000c2800000, 0x00000000c2800000, 0x00000000c2900000|  0%| F|  |TAMS 0x00000000c2800000, 0x00000000c2800000| Untracked 
|  41|0x00000000c2900000, 0x00000000c2900000, 0x00000000c2a00000|  0%| F|  |TAMS 0x00000000c2900000, 0x00000000c2900000| Untracked 
|  42|0x00000000c2a00000, 0x00000000c2a00000, 0x00000000c2b00000|  0%| F|  |TAMS 0x00000000c2a00000, 0x00000000c2a00000| Untracked 
|  43|0x00000000c2b00000, 0x00000000c2b00000, 0x00000000c2c00000|  0%| F|  |TAMS 0x00000000c2b00000, 0x00000000c2b00000| Untracked 
|  44|0x00000000c2c00000, 0x00000000c2c00000, 0x00000000c2d00000|  0%| F|  |TAMS 0x00000000c2c00000, 0x00000000c2c00000| Untracked 
|  45|0x00000000c2d00000, 0x00000000c2d00000, 0x00000000c2e00000|  0%| F|  |TAMS 0x00000000c2d00000, 0x00000000c2d00000| Untracked 
|  46|0x00000000c2e00000, 0x00000000c2e00000, 0x00000000c2f00000|  0%| F|  |TAMS 0x00000000c2e00000, 0x00000000c2e00000| Untracked 
|  47|0x00000000c2f00000, 0x00000000c2f00000, 0x00000000c3000000|  0%| F|  |TAMS 0x00000000c2f00000, 0x00000000c2f00000| Untracked 
|  48|0x00000000c3000000, 0x00000000c3000000, 0x00000000c3100000|  0%| F|  |TAMS 0x00000000c3000000, 0x00000000c3000000| Untracked 
|  49|0x00000000c3100000, 0x00000000c3100000, 0x00000000c3200000|  0%| F|  |TAMS 0x00000000c3100000, 0x00000000c3100000| Untracked 
|  50|0x00000000c3200000, 0x00000000c3200000, 0x00000000c3300000|  0%| F|  |TAMS 0x00000000c3200000, 0x00000000c3200000| Untracked 
|  51|0x00000000c3300000, 0x00000000c3300000, 0x00000000c3400000|  0%| F|  |TAMS 0x00000000c3300000, 0x00000000c3300000| Untracked 
|  52|0x00000000c3400000, 0x00000000c3500000, 0x00000000c3500000|100%| O|  |TAMS 0x00000000c3500000, 0x00000000c3400000| Untracked 
|  53|0x00000000c3500000, 0x00000000c3600000, 0x00000000c3600000|100%| O|  |TAMS 0x00000000c35ec800, 0x00000000c3500000| Untracked 
|  54|0x00000000c3600000, 0x00000000c3600000, 0x00000000c3700000|  0%| F|  |TAMS 0x00000000c3600000, 0x00000000c3600000| Untracked 
|  55|0x00000000c3700000, 0x00000000c3700000, 0x00000000c3800000|  0%| F|  |TAMS 0x00000000c3700000, 0x00000000c3700000| Untracked 
|  56|0x00000000c3800000, 0x00000000c3800000, 0x00000000c3900000|  0%| F|  |TAMS 0x00000000c3800000, 0x00000000c3800000| Untracked 
|  57|0x00000000c3900000, 0x00000000c3900000, 0x00000000c3a00000|  0%| F|  |TAMS 0x00000000c3900000, 0x00000000c3900000| Untracked 
|  58|0x00000000c3a00000, 0x00000000c3a00000, 0x00000000c3b00000|  0%| F|  |TAMS 0x00000000c3a00000, 0x00000000c3a00000| Untracked 
|  59|0x00000000c3b00000, 0x00000000c3b00000, 0x00000000c3c00000|  0%| F|  |TAMS 0x00000000c3b00000, 0x00000000c3b00000| Untracked 
|  60|0x00000000c3c00000, 0x00000000c3c00000, 0x00000000c3d00000|  0%| F|  |TAMS 0x00000000c3c00000, 0x00000000c3c00000| Untracked 
|  61|0x00000000c3d00000, 0x00000000c3d00000, 0x00000000c3e00000|  0%| F|  |TAMS 0x00000000c3d00000, 0x00000000c3d00000| Untracked 
|  62|0x00000000c3e00000, 0x00000000c3e00000, 0x00000000c3f00000|  0%| F|  |TAMS 0x00000000c3e00000, 0x00000000c3e00000| Untracked 
|  63|0x00000000c3f00000, 0x00000000c3f00000, 0x00000000c4000000|  0%| F|  |TAMS 0x00000000c3f00000, 0x00000000c3f00000| Untracked 
|  64|0x00000000c4000000, 0x00000000c4000000, 0x00000000c4100000|  0%| F|  |TAMS 0x00000000c4000000, 0x00000000c4000000| Untracked 
|  65|0x00000000c4100000, 0x00000000c4100000, 0x00000000c4200000|  0%| F|  |TAMS 0x00000000c4100000, 0x00000000c4100000| Untracked 
|  66|0x00000000c4200000, 0x00000000c4200000, 0x00000000c4300000|  0%| F|  |TAMS 0x00000000c4200000, 0x00000000c4200000| Untracked 
|  67|0x00000000c4300000, 0x00000000c4300000, 0x00000000c4400000|  0%| F|  |TAMS 0x00000000c4300000, 0x00000000c4300000| Untracked 
|  68|0x00000000c4400000, 0x00000000c4400000, 0x00000000c4500000|  0%| F|  |TAMS 0x00000000c4400000, 0x00000000c4400000| Untracked 
|  69|0x00000000c4500000, 0x00000000c4500000, 0x00000000c4600000|  0%| F|  |TAMS 0x00000000c4500000, 0x00000000c4500000| Untracked 
|  70|0x00000000c4600000, 0x00000000c4600000, 0x00000000c4700000|  0%| F|  |TAMS 0x00000000c4600000, 0x00000000c4600000| Untracked 
|  71|0x00000000c4700000, 0x00000000c4700000, 0x00000000c4800000|  0%| F|  |TAMS 0x00000000c4700000, 0x00000000c4700000| Untracked 
|  72|0x00000000c4800000, 0x00000000c4800000, 0x00000000c4900000|  0%| F|  |TAMS 0x00000000c4800000, 0x00000000c4800000| Untracked 
|  73|0x00000000c4900000, 0x00000000c4900000, 0x00000000c4a00000|  0%| F|  |TAMS 0x00000000c4900000, 0x00000000c4900000| Untracked 
|  74|0x00000000c4a00000, 0x00000000c4a00000, 0x00000000c4b00000|  0%| F|  |TAMS 0x00000000c4a00000, 0x00000000c4a00000| Untracked 
|  75|0x00000000c4b00000, 0x00000000c4b00000, 0x00000000c4c00000|  0%| F|  |TAMS 0x00000000c4b00000, 0x00000000c4b00000| Untracked 
|  76|0x00000000c4c00000, 0x00000000c4c00000, 0x00000000c4d00000|  0%| F|  |TAMS 0x00000000c4c00000, 0x00000000c4c00000| Untracked 
|  77|0x00000000c4d00000, 0x00000000c4d00000, 0x00000000c4e00000|  0%| F|  |TAMS 0x00000000c4d00000, 0x00000000c4d00000| Untracked 
|  78|0x00000000c4e00000, 0x00000000c4e00000, 0x00000000c4f00000|  0%| F|  |TAMS 0x00000000c4e00000, 0x00000000c4e00000| Untracked 
|  79|0x00000000c4f00000, 0x00000000c4f00000, 0x00000000c5000000|  0%| F|  |TAMS 0x00000000c4f00000, 0x00000000c4f00000| Untracked 
|  80|0x00000000c5000000, 0x00000000c5000000, 0x00000000c5100000|  0%| F|  |TAMS 0x00000000c5000000, 0x00000000c5000000| Untracked 
|  81|0x00000000c5100000, 0x00000000c5100000, 0x00000000c5200000|  0%| F|  |TAMS 0x00000000c5100000, 0x00000000c5100000| Untracked 
|  82|0x00000000c5200000, 0x00000000c5200000, 0x00000000c5300000|  0%| F|  |TAMS 0x00000000c5200000, 0x00000000c5200000| Untracked 
|  83|0x00000000c5300000, 0x00000000c5300000, 0x00000000c5400000|  0%| F|  |TAMS 0x00000000c5300000, 0x00000000c5300000| Untracked 
|  84|0x00000000c5400000, 0x00000000c5400000, 0x00000000c5500000|  0%| F|  |TAMS 0x00000000c5400000, 0x00000000c5400000| Untracked 
|  85|0x00000000c5500000, 0x00000000c5500000, 0x00000000c5600000|  0%| F|  |TAMS 0x00000000c5500000, 0x00000000c5500000| Untracked 
|  86|0x00000000c5600000, 0x00000000c5600000, 0x00000000c5700000|  0%| F|  |TAMS 0x00000000c5600000, 0x00000000c5600000| Untracked 
|  87|0x00000000c5700000, 0x00000000c5700000, 0x00000000c5800000|  0%| F|  |TAMS 0x00000000c5700000, 0x00000000c5700000| Untracked 
|  88|0x00000000c5800000, 0x00000000c5800000, 0x00000000c5900000|  0%| F|  |TAMS 0x00000000c5800000, 0x00000000c5800000| Untracked 
|  89|0x00000000c5900000, 0x00000000c5900000, 0x00000000c5a00000|  0%| F|  |TAMS 0x00000000c5900000, 0x00000000c5900000| Untracked 
|  90|0x00000000c5a00000, 0x00000000c5a00000, 0x00000000c5b00000|  0%| F|  |TAMS 0x00000000c5a00000, 0x00000000c5a00000| Untracked 
|  91|0x00000000c5b00000, 0x00000000c5b00000, 0x00000000c5c00000|  0%| F|  |TAMS 0x00000000c5b00000, 0x00000000c5b00000| Untracked 
|  92|0x00000000c5c00000, 0x00000000c5c00000, 0x00000000c5d00000|  0%| F|  |TAMS 0x00000000c5c00000, 0x00000000c5c00000| Untracked 
|  93|0x00000000c5d00000, 0x00000000c5d00000, 0x00000000c5e00000|  0%| F|  |TAMS 0x00000000c5d00000, 0x00000000c5d00000| Untracked 
|  94|0x00000000c5e00000, 0x00000000c5e00000, 0x00000000c5f00000|  0%| F|  |TAMS 0x00000000c5e00000, 0x00000000c5e00000| Untracked 
|  95|0x00000000c5f00000, 0x00000000c5f00000, 0x00000000c6000000|  0%| F|  |TAMS 0x00000000c5f00000, 0x00000000c5f00000| Untracked 
|  96|0x00000000c6000000, 0x00000000c6000000, 0x00000000c6100000|  0%| F|  |TAMS 0x00000000c6000000, 0x00000000c6000000| Untracked 
|  97|0x00000000c6100000, 0x00000000c6100000, 0x00000000c6200000|  0%| F|  |TAMS 0x00000000c6100000, 0x00000000c6100000| Untracked 
|  98|0x00000000c6200000, 0x00000000c6200000, 0x00000000c6300000|  0%| F|  |TAMS 0x00000000c6200000, 0x00000000c6200000| Untracked 
|  99|0x00000000c6300000, 0x00000000c6300000, 0x00000000c6400000|  0%| F|  |TAMS 0x00000000c6300000, 0x00000000c6300000| Untracked 
| 100|0x00000000c6400000, 0x00000000c6400000, 0x00000000c6500000|  0%| F|  |TAMS 0x00000000c6400000, 0x00000000c6400000| Untracked 
| 101|0x00000000c6500000, 0x00000000c6500000, 0x00000000c6600000|  0%| F|  |TAMS 0x00000000c6500000, 0x00000000c6500000| Untracked 
| 102|0x00000000c6600000, 0x00000000c6600000, 0x00000000c6700000|  0%| F|  |TAMS 0x00000000c6600000, 0x00000000c6600000| Untracked 
| 103|0x00000000c6700000, 0x00000000c6700000, 0x00000000c6800000|  0%| F|  |TAMS 0x00000000c6700000, 0x00000000c6700000| Untracked 
| 104|0x00000000c6800000, 0x00000000c6800000, 0x00000000c6900000|  0%| F|  |TAMS 0x00000000c6800000, 0x00000000c6800000| Untracked 
| 105|0x00000000c6900000, 0x00000000c6900000, 0x00000000c6a00000|  0%| F|  |TAMS 0x00000000c6900000, 0x00000000c6900000| Untracked 
| 106|0x00000000c6a00000, 0x00000000c6a00000, 0x00000000c6b00000|  0%| F|  |TAMS 0x00000000c6a00000, 0x00000000c6a00000| Untracked 
| 107|0x00000000c6b00000, 0x00000000c6b00000, 0x00000000c6c00000|  0%| F|  |TAMS 0x00000000c6b00000, 0x00000000c6b00000| Untracked 
| 108|0x00000000c6c00000, 0x00000000c6c00000, 0x00000000c6d00000|  0%| F|  |TAMS 0x00000000c6c00000, 0x00000000c6c00000| Untracked 
| 109|0x00000000c6d00000, 0x00000000c6d00000, 0x00000000c6e00000|  0%| F|  |TAMS 0x00000000c6d00000, 0x00000000c6d00000| Untracked 
| 110|0x00000000c6e00000, 0x00000000c6e00000, 0x00000000c6f00000|  0%| F|  |TAMS 0x00000000c6e00000, 0x00000000c6e00000| Untracked 
| 111|0x00000000c6f00000, 0x00000000c6f00000, 0x00000000c7000000|  0%| F|  |TAMS 0x00000000c6f00000, 0x00000000c6f00000| Untracked 
| 112|0x00000000c7000000, 0x00000000c7000000, 0x00000000c7100000|  0%| F|  |TAMS 0x00000000c7000000, 0x00000000c7000000| Untracked 
| 113|0x00000000c7100000, 0x00000000c7100000, 0x00000000c7200000|  0%| F|  |TAMS 0x00000000c7100000, 0x00000000c7100000| Untracked 
| 114|0x00000000c7200000, 0x00000000c7200000, 0x00000000c7300000|  0%| F|  |TAMS 0x00000000c7200000, 0x00000000c7200000| Untracked 
| 115|0x00000000c7300000, 0x00000000c7300000, 0x00000000c7400000|  0%| F|  |TAMS 0x00000000c7300000, 0x00000000c7300000| Untracked 
| 116|0x00000000c7400000, 0x00000000c7400000, 0x00000000c7500000|  0%| F|  |TAMS 0x00000000c7400000, 0x00000000c7400000| Untracked 
| 117|0x00000000c7500000, 0x00000000c7500000, 0x00000000c7600000|  0%| F|  |TAMS 0x00000000c7500000, 0x00000000c7500000| Untracked 
| 118|0x00000000c7600000, 0x00000000c7600000, 0x00000000c7700000|  0%| F|  |TAMS 0x00000000c7600000, 0x00000000c7600000| Untracked 
| 119|0x00000000c7700000, 0x00000000c7700000, 0x00000000c7800000|  0%| F|  |TAMS 0x00000000c7700000, 0x00000000c7700000| Untracked 
| 120|0x00000000c7800000, 0x00000000c7800000, 0x00000000c7900000|  0%| F|  |TAMS 0x00000000c7800000, 0x00000000c7800000| Untracked 
| 121|0x00000000c7900000, 0x00000000c7900000, 0x00000000c7a00000|  0%| F|  |TAMS 0x00000000c7900000, 0x00000000c7900000| Untracked 
| 122|0x00000000c7a00000, 0x00000000c7a00000, 0x00000000c7b00000|  0%| F|  |TAMS 0x00000000c7a00000, 0x00000000c7a00000| Untracked 
| 123|0x00000000c7b00000, 0x00000000c7b00000, 0x00000000c7c00000|  0%| F|  |TAMS 0x00000000c7b00000, 0x00000000c7b00000| Untracked 
| 124|0x00000000c7c00000, 0x00000000c7c00000, 0x00000000c7d00000|  0%| F|  |TAMS 0x00000000c7c00000, 0x00000000c7c00000| Untracked 
| 125|0x00000000c7d00000, 0x00000000c7d00000, 0x00000000c7e00000|  0%| F|  |TAMS 0x00000000c7d00000, 0x00000000c7d00000| Untracked 
| 126|0x00000000c7e00000, 0x00000000c7e00000, 0x00000000c7f00000|  0%| F|  |TAMS 0x00000000c7e00000, 0x00000000c7e00000| Untracked 
| 127|0x00000000c7f00000, 0x00000000c7f00000, 0x00000000c8000000|  0%| F|  |TAMS 0x00000000c7f00000, 0x00000000c7f00000| Untracked 
| 128|0x00000000c8000000, 0x00000000c8000000, 0x00000000c8100000|  0%| F|  |TAMS 0x00000000c8000000, 0x00000000c8000000| Untracked 
| 129|0x00000000c8100000, 0x00000000c8100000, 0x00000000c8200000|  0%| F|  |TAMS 0x00000000c8100000, 0x00000000c8100000| Untracked 
| 130|0x00000000c8200000, 0x00000000c8200000, 0x00000000c8300000|  0%| F|  |TAMS 0x00000000c8200000, 0x00000000c8200000| Untracked 
| 131|0x00000000c8300000, 0x00000000c8300000, 0x00000000c8400000|  0%| F|  |TAMS 0x00000000c8300000, 0x00000000c8300000| Untracked 
| 132|0x00000000c8400000, 0x00000000c8400000, 0x00000000c8500000|  0%| F|  |TAMS 0x00000000c8400000, 0x00000000c8400000| Untracked 
| 133|0x00000000c8500000, 0x00000000c8500000, 0x00000000c8600000|  0%| F|  |TAMS 0x00000000c8500000, 0x00000000c8500000| Untracked 
| 134|0x00000000c8600000, 0x00000000c8600000, 0x00000000c8700000|  0%| F|  |TAMS 0x00000000c8600000, 0x00000000c8600000| Untracked 
| 135|0x00000000c8700000, 0x00000000c8700000, 0x00000000c8800000|  0%| F|  |TAMS 0x00000000c8700000, 0x00000000c8700000| Untracked 
| 136|0x00000000c8800000, 0x00000000c8800000, 0x00000000c8900000|  0%| F|  |TAMS 0x00000000c8800000, 0x00000000c8800000| Untracked 
| 137|0x00000000c8900000, 0x00000000c8900000, 0x00000000c8a00000|  0%| F|  |TAMS 0x00000000c8900000, 0x00000000c8900000| Untracked 
| 138|0x00000000c8a00000, 0x00000000c8a5dc20, 0x00000000c8b00000| 36%| E|  |TAMS 0x00000000c8a00000, 0x00000000c8a00000| Complete 
| 139|0x00000000c8b00000, 0x00000000c8c00000, 0x00000000c8c00000|100%| E|CS|TAMS 0x00000000c8b00000, 0x00000000c8b00000| Complete 
| 140|0x00000000c8c00000, 0x00000000c8cdc8c0, 0x00000000c8d00000| 86%| S|CS|TAMS 0x00000000c8c00000, 0x00000000c8c00000| Complete 
| 141|0x00000000c8d00000, 0x00000000c8e00000, 0x00000000c8e00000|100%| E|CS|TAMS 0x00000000c8d00000, 0x00000000c8d00000| Complete 
|1022|0x00000000ffe00000, 0x00000000ffe47000, 0x00000000fff00000| 27%|OA|  |TAMS 0x00000000ffe47000, 0x00000000ffe00000| Untracked 
|1023|0x00000000fff00000, 0x00000000fff6b000, 0x0000000100000000| 41%|CA|  |TAMS 0x00000000fff6b000, 0x00000000fff00000| Untracked 

Card table byte_map: [0x00007f867113d000,0x00007f867133d000] _byte_map_base: 0x00007f8670b3d000

Marking Bits (Prev, Next): (CMBitMap*) 0x00007f866c04c738, (CMBitMap*) 0x00007f866c04c770
 Prev Bits: [0x00007f864f000000, 0x00007f8650000000)
 Next Bits: [0x00007f864e000000, 0x00007f864f000000)

Polling page: 0x00007f8675b98000

Metaspace:

Usage:
  Non-class:     50.41 MB capacity,    48.85 MB ( 97%) used,     1.17 MB (  2%) free+waste,   397.75 KB ( <1%) overhead. 
      Class:     10.28 MB capacity,     8.59 MB ( 84%) used,     1.47 MB ( 14%) free+waste,   223.94 KB (  2%) overhead. 
       Both:     60.69 MB capacity,    57.44 MB ( 95%) used,     2.64 MB (  4%) free+waste,   621.69 KB (  1%) overhead. 

Virtual space:
  Non-class space:       52.00 MB reserved,      50.50 MB ( 97%) committed 
      Class space:        1.00 GB reserved,      10.29 MB (  1%) committed 
             Both:        1.05 GB reserved,      60.79 MB (  6%) committed 

Chunk freelists:
   Non-Class:  26.00 KB
       Class:  0 bytes
        Both:  26.00 KB

MaxMetaspaceSize: unlimited
CompressedClassSpaceSize: 1.00 GB

CodeHeap 'non-profiled nmethods': size=120032Kb used=2837Kb max_used=2837Kb free=117195Kb
 bounds [0x00007f865c359000, 0x00007f865c629000, 0x00007f8663891000]
CodeHeap 'profiled nmethods': size=120032Kb used=10161Kb max_used=10161Kb free=109871Kb
 bounds [0x00007f8654e21000, 0x00007f8655811000, 0x00007f865c359000]
CodeHeap 'non-nmethods': size=5696Kb used=1363Kb max_used=1407Kb free=4332Kb
 bounds [0x00007f8654891000, 0x00007f8654b01000, 0x00007f8654e21000]
 total_blobs=6142 nmethods=5325 adapters=729
 compilation: enabled
              stopped_count=0, restarted_count=0
 full_count=0

Compilation events (20 events):
Event: 1107.689 Thread 0x00007f866c0f7000 5382       3       java.util.concurrent.ScheduledThreadPoolExecutor$DelayedWorkQueue::finishPoll (43 bytes)
Event: 1122.314 Thread 0x00007f866c0f7000 nmethod 5382 0x00007f8655805010 code [0x00007f8655805200, 0x00007f8655805840]
Event: 1122.424 Thread 0x00007f866c0f5000 5388       4       sun.management.spi.PlatformMBeanProvider$PlatformComponent::getMBeans (87 bytes)
Event: 1122.424 Thread 0x00007f866c0f7000 5383       3       java.util.concurrent.ScheduledThreadPoolExecutor$ScheduledFutureTask::run (57 bytes)
Event: 1125.550 Thread 0x00007f866c0f7000 nmethod 5383 0x00007f8655805a10 code [0x00007f8655805c40, 0x00007f8655806090]
Event: 1134.123 Thread 0x00007f866c0f7000 5393       3       java.util.concurrent.ScheduledThreadPoolExecutor::delayedExecute (58 bytes)
Event: 1145.867 Thread 0x00007f866c0f7000 nmethod 5393 0x00007f8655806210 code [0x00007f8655806460, 0x00007f8655806de0]
Event: 1146.297 Thread 0x00007f866c0f7000 5395       3       scala.concurrent.impl.Promise$DefaultPromise::tryAwait (175 bytes)
Event: 1217.265 Thread 0x00007f866c0f7000 nmethod 5395 0x00007f8655807090 code [0x00007f86558074a0, 0x00007f8655809230]
Event: 1220.466 Thread 0x00007f866c0f7000 5404       3       scala.concurrent.Promise::complete (22 bytes)
Event: 1227.819 Thread 0x00007f866c0f7000 nmethod 5404 0x00007f8655809c10 code [0x00007f8655809de0, 0x00007f865580a0d0]
Event: 1228.871 Thread 0x00007f866c0f7000 5397       3       scala.runtime.RichInt$::until$extension0 (9 bytes)
Event: 1237.633 Thread 0x00007f866c0f7000 nmethod 5397 0x00007f865580a210 code [0x00007f865580a3e0, 0x00007f865580a620]
Event: 1245.235 Thread 0x00007f866c0f7000 5398       3       scala.collection.immutable.Range$::apply (11 bytes)
Event: 1257.451 Thread 0x00007f866c0f7000 nmethod 5398 0x00007f865580a710 code [0x00007f865580a8c0, 0x00007f865580aaa0]
Event: 1258.247 Thread 0x00007f866c0f7000 5394       3       scala.concurrent.impl.Promise$DefaultPromise::ready (47 bytes)
Event: 1291.760 Thread 0x00007f866c0f7000 nmethod 5394 0x00007f865580ab90 code [0x00007f865580ae40, 0x00007f865580b9e0]
Event: 1292.558 Thread 0x00007f866c0f7000 5419       3       scala.concurrent.impl.Promise$$Lambda$630/0x00000008404e3040::get$Lambda (10 bytes)
Event: 1301.612 Thread 0x00007f866c0f7000 nmethod 5419 0x00007f865580be10 code [0x00007f865580bfe0, 0x00007f865580c290]
Event: 1301.830 Thread 0x00007f866c0f7000 5418       3       scala.concurrent.impl.Promise::transform (27 bytes)

GC Heap History (20 events):
Event: 2.246 GC heap before
{Heap before GC invocations=3 (full 0):
 garbage-first heap   total 104448K, used 48194K [0x00000000c0000000, 0x0000000100000000)
  region size 1024K, 32 young (32768K), 3 survivors (3072K)
 Metaspace       used 13457K, capacity 14974K, committed 15232K, reserved 1062912K
  class space    used 2037K, capacity 2307K, committed 2432K, reserved 1048576K
}
Event: 2.253 GC heap after
{Heap after GC invocations=4 (full 0):
 garbage-first heap   total 104448K, used 19992K [0x00000000c0000000, 0x0000000100000000)
  region size 1024K, 2 young (2048K), 2 survivors (2048K)
 Metaspace       used 13457K, capacity 14974K, committed 15232K, reserved 1062912K
  class space    used 2037K, capacity 2307K, committed 2432K, reserved 1048576K
}
Event: 3.151 GC heap before
{Heap before GC invocations=4 (full 0):
 garbage-first heap   total 104448K, used 55832K [0x00000000c0000000, 0x0000000100000000)
  region size 1024K, 37 young (37888K), 2 survivors (2048K)
 Metaspace       used 19404K, capacity 20228K, committed 20608K, reserved 1067008K
  class space    used 2923K, capacity 3350K, committed 3456K, reserved 1048576K
}
Event: 3.164 GC heap after
{Heap after GC invocations=5 (full 0):
 garbage-first heap   total 104448K, used 21355K [0x00000000c0000000, 0x0000000100000000)
  region size 1024K, 3 young (3072K), 3 survivors (3072K)
 Metaspace       used 19404K, capacity 20228K, committed 20608K, reserved 1067008K
  class space    used 2923K, capacity 3350K, committed 3456K, reserved 1048576K
}
Event: 3.237 GC heap before
{Heap before GC invocations=5 (full 0):
 garbage-first heap   total 104448K, used 27499K [0x00000000c0000000, 0x0000000100000000)
  region size 1024K, 10 young (10240K), 3 survivors (3072K)
 Metaspace       used 20447K, capacity 21232K, committed 21296K, reserved 1067008K
  class space    used 3030K, capacity 3455K, committed 3456K, reserved 1048576K
}
Event: 3.242 GC heap after
{Heap after GC invocations=6 (full 0):
 garbage-first heap   total 147456K, used 21616K [0x00000000c0000000, 0x0000000100000000)
  region size 1024K, 3 young (3072K), 3 survivors (3072K)
 Metaspace       used 20447K, capacity 21232K, committed 21296K, reserved 1067008K
  class space    used 3030K, capacity 3455K, committed 3456K, reserved 1048576K
}
Event: 4.131 GC heap before
{Heap before GC invocations=7 (full 0):
 garbage-first heap   total 147456K, used 86128K [0x00000000c0000000, 0x0000000100000000)
  region size 1024K, 66 young (67584K), 3 survivors (3072K)
 Metaspace       used 33297K, capacity 34618K, committed 34816K, reserved 1079296K
  class space    used 4862K, capacity 5552K, committed 5632K, reserved 1048576K
}
Event: 4.140 GC heap after
{Heap after GC invocations=8 (full 0):
 garbage-first heap   total 147456K, used 25153K [0x00000000c0000000, 0x0000000100000000)
  region size 1024K, 7 young (7168K), 7 survivors (7168K)
 Metaspace       used 33297K, capacity 34618K, committed 34816K, reserved 1079296K
  class space    used 4862K, capacity 5552K, committed 5632K, reserved 1048576K
}
Event: 4.194 GC heap before
{Heap before GC invocations=8 (full 0):
 garbage-first heap   total 147456K, used 30273K [0x00000000c0000000, 0x0000000100000000)
  region size 1024K, 13 young (13312K), 7 survivors (7168K)
 Metaspace       used 34394K, capacity 35738K, committed 35968K, reserved 1079296K
  class space    used 4945K, capacity 5648K, committed 5760K, reserved 1048576K
}
Event: 4.203 GC heap after
{Heap after GC invocations=9 (full 0):
 garbage-first heap   total 147456K, used 25679K [0x00000000c0000000, 0x0000000100000000)
  region size 1024K, 6 young (6144K), 6 survivors (6144K)
 Metaspace       used 34394K, capacity 35738K, committed 35968K, reserved 1079296K
  class space    used 4945K, capacity 5648K, committed 5760K, reserved 1048576K
}
Event: 5.066 GC heap before
{Heap before GC invocations=10 (full 0):
 garbage-first heap   total 147456K, used 102479K [0x00000000c0000000, 0x0000000100000000)
  region size 1024K, 76 young (77824K), 6 survivors (6144K)
 Metaspace       used 45283K, capacity 47246K, committed 47488K, reserved 1089536K
  class space    used 6649K, capacity 7684K, committed 7808K, reserved 1048576K
}
Event: 5.076 GC heap after
{Heap after GC invocations=11 (full 0):
 garbage-first heap   total 147456K, used 27217K [0x00000000c0000000, 0x0000000100000000)
  region size 1024K, 8 young (8192K), 8 survivors (8192K)
 Metaspace       used 45283K, capacity 47246K, committed 47488K, reserved 1089536K
  class space    used 6649K, capacity 7684K, committed 7808K, reserved 1048576K
}
Event: 6.422 GC heap before
{Heap before GC invocations=11 (full 0):
 garbage-first heap   total 147456K, used 115281K [0x00000000c0000000, 0x0000000100000000)
  region size 1024K, 85 young (87040K), 8 survivors (8192K)
 Metaspace       used 52169K, capacity 55046K, committed 55168K, reserved 1095680K
  class space    used 7863K, capacity 9344K, committed 9344K, reserved 1048576K
}
Event: 6.459 GC heap after
{Heap after GC invocations=12 (full 0):
 garbage-first heap   total 147456K, used 30597K [0x00000000c0000000, 0x0000000100000000)
  region size 1024K, 6 young (6144K), 6 survivors (6144K)
 Metaspace       used 52169K, capacity 55046K, committed 55168K, reserved 1095680K
  class space    used 7863K, capacity 9344K, committed 9344K, reserved 1048576K
}
Event: 6.922 GC heap before
{Heap before GC invocations=12 (full 0):
 garbage-first heap   total 147456K, used 68485K [0x00000000c0000000, 0x0000000100000000)
  region size 1024K, 40 young (40960K), 6 survivors (6144K)
 Metaspace       used 57286K, capacity 60307K, committed 60376K, reserved 1099776K
  class space    used 8556K, capacity 10139K, committed 10200K, reserved 1048576K
}
Event: 6.930 GC heap after
{Heap after GC invocations=13 (full 0):
 garbage-first heap   total 147456K, used 31825K [0x00000000c0000000, 0x0000000100000000)
  region size 1024K, 7 young (7168K), 7 survivors (7168K)
 Metaspace       used 57286K, capacity 60307K, committed 60376K, reserved 1099776K
  class space    used 8556K, capacity 10139K, committed 10200K, reserved 1048576K
}
Event: 516.901 GC heap before
{Heap before GC invocations=14 (full 0):
 garbage-first heap   total 147456K, used 121937K [0x00000000c0000000, 0x0000000100000000)
  region size 1024K, 68 young (69632K), 7 survivors (7168K)
 Metaspace       used 58548K, capacity 61849K, committed 61988K, reserved 1101824K
  class space    used 8779K, capacity 10471K, committed 10532K, reserved 1048576K
}
Event: 524.044 GC heap after
{Heap after GC invocations=15 (full 0):
 garbage-first heap   total 147456K, used 32410K [0x00000000c0000000, 0x0000000100000000)
  region size 1024K, 6 young (6144K), 6 survivors (6144K)
 Metaspace       used 58548K, capacity 61849K, committed 61988K, reserved 1101824K
  class space    used 8779K, capacity 10471K, committed 10532K, reserved 1048576K
}
Event: 655.564 GC heap before
{Heap before GC invocations=16 (full 0):
 garbage-first heap   total 147456K, used 33434K [0x00000000c0000000, 0x0000000100000000)
  region size 1024K, 7 young (7168K), 6 survivors (6144K)
 Metaspace       used 58683K, capacity 62001K, committed 62244K, reserved 1101824K
  class space    used 8796K, capacity 10525K, committed 10532K, reserved 1048576K
}
Event: 655.663 GC heap after
{Heap after GC invocations=17 (full 0):
 garbage-first heap   total 147456K, used 33102K [0x00000000c0000000, 0x0000000100000000)
  region size 1024K, 1 young (1024K), 1 survivors (1024K)
 Metaspace       used 58683K, capacity 62001K, committed 62244K, reserved 1101824K
  class space    used 8796K, capacity 10525K, committed 10532K, reserved 1048576K
}

Deoptimization events (20 events):
Event: 7.581 Thread 0x00007f85d8031800 Uncommon trap: trap_request=0xffffffbe fr.pc=0x00007f865c5c0370 relative=0x00000000000001d0
Event: 7.581 Thread 0x00007f85d8031800 Uncommon trap: reason=profile_predicate action=maybe_recompile pc=0x00007f865c5c0370 method=java.util.Arrays.fill([Ljava/lang/Object;Ljava/lang/Object;)V @ 5 c2
Event: 7.581 Thread 0x00007f85d8031800 DEOPT PACKING pc=0x00007f865c5c0370 sp=0x00007f85d52c9330
Event: 7.581 Thread 0x00007f85d8031800 DEOPT UNPACKING pc=0x00007f86548b7ba5 sp=0x00007f85d52c9308 mode 2
Event: 7.581 Thread 0x00007f85d8031800 Uncommon trap: trap_request=0xffffffbe fr.pc=0x00007f865c5c0370 relative=0x00000000000001d0
Event: 7.581 Thread 0x00007f85d8031800 Uncommon trap: reason=profile_predicate action=maybe_recompile pc=0x00007f865c5c0370 method=java.util.Arrays.fill([Ljava/lang/Object;Ljava/lang/Object;)V @ 5 c2
Event: 7.581 Thread 0x00007f85d8031800 DEOPT PACKING pc=0x00007f865c5c0370 sp=0x00007f85d52c9330
Event: 7.581 Thread 0x00007f85d8031800 DEOPT UNPACKING pc=0x00007f86548b7ba5 sp=0x00007f85d52c9308 mode 2
Event: 7.582 Thread 0x00007f85d8031800 Uncommon trap: trap_request=0xffffffbe fr.pc=0x00007f865c5c0370 relative=0x00000000000001d0
Event: 7.582 Thread 0x00007f85d8031800 Uncommon trap: reason=profile_predicate action=maybe_recompile pc=0x00007f865c5c0370 method=java.util.Arrays.fill([Ljava/lang/Object;Ljava/lang/Object;)V @ 5 c2
Event: 7.582 Thread 0x00007f85d8031800 DEOPT PACKING pc=0x00007f865c5c0370 sp=0x00007f85d52c9330
Event: 7.582 Thread 0x00007f85d8031800 DEOPT UNPACKING pc=0x00007f86548b7ba5 sp=0x00007f85d52c9308 mode 2
Event: 7.653 Thread 0x00007f8608645000 Uncommon trap: trap_request=0xffffff4d fr.pc=0x00007f865c546e24 relative=0x00000000000002e4
Event: 7.654 Thread 0x00007f8608645000 Uncommon trap: reason=unstable_if action=reinterpret pc=0x00007f865c546e24 method=java.io.BufferedOutputStream.write([BII)V @ 6 c2
Event: 7.654 Thread 0x00007f8608645000 DEOPT PACKING pc=0x00007f865c546e24 sp=0x00007f85ceff0130
Event: 7.654 Thread 0x00007f8608645000 DEOPT UNPACKING pc=0x00007f86548b7ba5 sp=0x00007f85ceff00d8 mode 2
Event: 16.796 Thread 0x00007f860897e800 Uncommon trap: trap_request=0xffffffc6 fr.pc=0x00007f865c592f34 relative=0x0000000000000154
Event: 16.796 Thread 0x00007f860897e800 Uncommon trap: reason=bimorphic_or_optimized_type_check action=maybe_recompile pc=0x00007f865c592f34 method=java.lang.reflect.AnnotatedElement.isAnnotationPresent(Ljava/lang/Class;)Z @ 2 c2
Event: 16.796 Thread 0x00007f860897e800 DEOPT PACKING pc=0x00007f865c592f34 sp=0x00007f85d6ff0f30
Event: 16.796 Thread 0x00007f860897e800 DEOPT UNPACKING pc=0x00007f86548b7ba5 sp=0x00007f85d6ff0e90 mode 2

Classes redefined (0 events):
No events

Internal exceptions (20 events):
Event: 6.209 Thread 0x00007f860892b000 Exception <a 'java/lang/NoSuchMethodError'{0x00000000c5ef8118}: <clinit>> (0x00000000c5ef8118) thrown at [./src/hotspot/share/prims/jni.cpp, line 1362]
Event: 6.220 Thread 0x00007f8608335000 Exception <a 'java/lang/NoSuchMethodError'{0x00000000c5d4f7c8}: <clinit>> (0x00000000c5d4f7c8) thrown at [./src/hotspot/share/prims/jni.cpp, line 1362]
Event: 6.496 Thread 0x00007f8608af7800 Exception <a 'java/lang/NoSuchMethodError'{0x00000000c8bf0fe0}: 'java.lang.Object java.lang.invoke.Invokers$Holder.linkToTargetMethod(java.lang.Object, long, int, java.lang.Object)'> (0x00000000c8bf0fe0) thrown at [./src/hotspot/share/interpreter/linkResolver.cpp, line 773]
Event: 6.852 Thread 0x00007f85e400e800 Exception <a 'java/lang/NoSuchMethodError'{0x00000000c7053780}: 'java.lang.Object java.lang.invoke.DirectMethodHandle$Holder.invokeStatic(java.lang.Object, long, long)'> (0x00000000c7053780) thrown at [./src/hotspot/share/interpreter/linkResolver.cpp, line 773]
Event: 6.852 Thread 0x00007f85e400e800 Exception <a 'java/lang/NoSuchMethodError'{0x00000000c705a798}: 'java.lang.Object java.lang.invoke.DirectMethodHandle$Holder.invokeSpecial(java.lang.Object, java.lang.Object, long, long)'> (0x00000000c705a798) thrown at [./src/hotspot/share/interpreter/linkResolver.cpp, line 773]
Event: 6.861 Thread 0x00007f85e400e800 Exception <a 'java/lang/NoSuchMethodError'{0x00000000c70a8798}: <clinit>> (0x00000000c70a8798) thrown at [./src/hotspot/share/prims/jni.cpp, line 1362]
Event: 6.887 Thread 0x00007f860892b000 Exception <a 'java/lang/NoSuchMethodError'{0x00000000c6e08ca0}: 'java.lang.Object java.lang.invoke.DirectMethodHandle$Holder.invokeStatic(java.lang.Object, java.lang.Object, double, java.lang.Object)'> (0x00000000c6e08ca0) thrown at [./src/hotspot/share/interpreter/linkResolver.cpp, line 773]
Event: 6.888 Thread 0x00007f860892b000 Exception <a 'java/lang/NoSuchMethodError'{0x00000000c6e10480}: 'java.lang.Object java.lang.invoke.DirectMethodHandle$Holder.invokeStatic(java.lang.Object, java.lang.Object, double)'> (0x00000000c6e10480) thrown at [./src/hotspot/share/interpreter/linkResolver.cpp, line 773]
Event: 6.888 Thread 0x00007f860892b000 Exception <a 'java/lang/NoSuchMethodError'{0x00000000c6e13c08}: 'java.lang.Object java.lang.invoke.DirectMethodHandle$Holder.invokeSpecial(java.lang.Object, java.lang.Object, java.lang.Object, double)'> (0x00000000c6e13c08) thrown at [./src/hotspot/share/interpreter/linkResolver.cpp, line 773]
Event: 6.902 Thread 0x00007f8608335000 Exception <a 'java/lang/NoSuchMethodError'{0x00000000c6ecea40}: <clinit>> (0x00000000c6ecea40) thrown at [./src/hotspot/share/prims/jni.cpp, line 1362]
Event: 6.914 Thread 0x00007f85e400e800 Exception <a 'java/lang/NoSuchMethodError'{0x00000000c6d784f0}: 'java.lang.Object java.lang.invoke.Invokers$Holder.linkToTargetMethod(java.lang.Object, int, int, int, int, int, java.lang.Object)'> (0x00000000c6d784f0) thrown at [./src/hotspot/share/interpreter/linkResolver.cpp, line 773]
Event: 6.914 Thread 0x00007f85e400e800 Exception <a 'java/lang/NoSuchMethodError'{0x00000000c6d7b598}: 'java.lang.Object java.lang.invoke.DirectMethodHandle$Holder.invokeStatic(java.lang.Object, int, int, int, int, int)'> (0x00000000c6d7b598) thrown at [./src/hotspot/share/interpreter/linkResolver.cpp, line 773]
Event: 6.914 Thread 0x00007f85e400e800 Exception <a 'java/lang/NoSuchMethodError'{0x00000000c6d83480}: 'java.lang.Object java.lang.invoke.DirectMethodHandle$Holder.invokeSpecial(java.lang.Object, java.lang.Object, int, int, int, int, int)'> (0x00000000c6d83480) thrown at [./src/hotspot/share/interpreter/linkResolver.cpp, line 773]
Event: 6.916 Thread 0x00007f85d8031800 Exception <a 'java/lang/NoSuchMethodError'{0x00000000c6d601b0}: 'java.lang.Object java.lang.invoke.DirectMethodHandle$Holder.invokeStatic(java.lang.Object, int, int, int, java.lang.Object, java.lang.Object)'> (0x00000000c6d601b0) thrown at [./src/hotspot/share/interpreter/linkResolver.cpp, line 773]
Event: 6.916 Thread 0x00007f85e400e800 Exception <a 'java/lang/NoSuchMethodError'{0x00000000c6d9bc60}: 'java.lang.Object java.lang.invoke.DirectMethodHandle$Holder.invokeStatic(java.lang.Object, int, int, int, java.lang.Object, java.lang.Object)'> (0x00000000c6d9bc60) thrown at [./src/hotspot/share/interpreter/linkResolver.cpp, line 773]
Event: 6.916 Thread 0x00007f85d8031800 Exception <a 'java/lang/NoSuchMethodError'{0x00000000c6d68a40}: 'java.lang.Object java.lang.invoke.DirectMethodHandle$Holder.invokeStatic(java.lang.Object, int, int, int, java.lang.Object)'> (0x00000000c6d68a40) thrown at [./src/hotspot/share/interpreter/linkResolver.cpp, line 773]
Event: 6.916 Thread 0x00007f85d8031800 Exception <a 'java/lang/NoSuchMethodError'{0x00000000c6d6c1e0}: 'java.lang.Object java.lang.invoke.DirectMethodHandle$Holder.invokeSpecial(java.lang.Object, java.lang.Object, int, int, int, java.lang.Object)'> (0x00000000c6d6c1e0) thrown at [./src/hotspot/share/interpreter/linkResolver.cpp, line 773]
Event: 7.576 Thread 0x00007f8608aff800 Exception <a 'java/lang/NoSuchMethodError'{0x00000000c5553f00}: 'java.lang.Object java.lang.invoke.DirectMethodHandle$Holder.invokeStatic(java.lang.Object, java.lang.Object, java.lang.Object, long, long)'> (0x00000000c5553f00) thrown at [./src/hotspot/share/interpreter/linkResolver.cpp, line 773]
Event: 16.819 Thread 0x00007f8608aff800 Exception <a 'java/lang/NoSuchMethodError'{0x00000000c4dfcca0}: 'java.lang.Object java.lang.invoke.DirectMethodHandle$Holder.invokeSpecial(java.lang.Object, java.lang.Object, java.lang.Object, java.lang.Object, long, java.lang.Object)'> (0x00000000c4dfcca0) thrown at [./src/hotspot/share/interpreter/linkResolver.cpp, line 773]
Event: 16.819 Thread 0x00007f8608aff800 Exception <a 'java/lang/NoSuchMethodError'{0x00000000c4c000f0}: 'java.lang.Object java.lang.invoke.Invokers$Holder.linkToTargetMethod(java.lang.Object, java.lang.Object, long, java.lang.Object, java.lang.Object)'> (0x00000000c4c000f0) thrown at [./src/hotspot/share/interpreter/linkResolver.cpp, line 773]

Events (20 events):
Event: 594.386 Executing VM operation: RevokeBias done
Event: 594.395 Executing VM operation: RevokeBias
Event: 594.396 Thread 0x00007f86480a4800 Thread exited: 0x00007f86480a4800
Event: 594.396 Executing VM operation: RevokeBias done
Event: 594.396 Thread 0x00007f86480a5800 Thread exited: 0x00007f86480a5800
Event: 594.407 Executing VM operation: RevokeBias
Event: 594.407 Executing VM operation: RevokeBias done
Event: 594.407 Thread 0x00007f866e93e000 Thread exited: 0x00007f866e93e000
Event: 594.414 Executing VM operation: BulkRevokeBias
Event: 594.415 Executing VM operation: BulkRevokeBias done
Event: 594.415 Thread 0x0000563de377b000 Thread exited: 0x0000563de377b000
Event: 655.564 Executing VM operation: G1CollectForAllocation
Event: 655.663 Executing VM operation: G1CollectForAllocation done
Event: 1122.871 loading class org/apache/spark/util/ListenerBus
Event: 1122.909 loading class org/apache/spark/util/ListenerBus done
Event: 1124.252 loading class org/apache/spark/util/ListenerBus
Event: 1124.454 loading class org/apache/spark/util/ListenerBus done
Event: 1301.764 loading class jdk/internal/misc/Signal$1
Event: 1302.107 loading class jdk/internal/misc/Signal$1 done
Event: 1304.359 Thread 0x00007f8628002000 Thread added: 0x00007f8628002000


Dynamic libraries:
c0000000-c8e00000 rw-p 00000000 00:00 0 
c8e00000-ffe00000 ---p 00000000 00:00 0 
ffe00000-ffe47000 rw-p 01111000 08:10 377798                             /usr/lib/jvm/java-11-openjdk-amd64/lib/server/classes.jsa
ffe47000-fff00000 rw-p 00000000 00:00 0 
fff00000-fff6b000 rw-p 010a6000 08:10 377798                             /usr/lib/jvm/java-11-openjdk-amd64/lib/server/classes.jsa
fff6b000-100000000 rw-p 00000000 00:00 0 
800000000-800002000 rwxp 00001000 08:10 377798                           /usr/lib/jvm/java-11-openjdk-amd64/lib/server/classes.jsa
800002000-8003b9000 rw-p 00003000 08:10 377798                           /usr/lib/jvm/java-11-openjdk-amd64/lib/server/classes.jsa
8003b9000-800a96000 r--p 003ba000 08:10 377798                           /usr/lib/jvm/java-11-openjdk-amd64/lib/server/classes.jsa
800a96000-800a97000 rw-p 00a97000 08:10 377798                           /usr/lib/jvm/java-11-openjdk-amd64/lib/server/classes.jsa
800a97000-8010a5000 r--p 00a98000 08:10 377798                           /usr/lib/jvm/java-11-openjdk-amd64/lib/server/classes.jsa
840000000-840a49000 rw-p 00000000 00:00 0 
840a49000-880000000 ---p 00000000 00:00 0 
563de315d000-563de315e000 r-xp 00000000 08:10 371728                     /usr/lib/jvm/java-11-openjdk-amd64/bin/java
563de335e000-563de335f000 r--p 00001000 08:10 371728                     /usr/lib/jvm/java-11-openjdk-amd64/bin/java
563de335f000-563de3360000 rw-p 00002000 08:10 371728                     /usr/lib/jvm/java-11-openjdk-amd64/bin/java
563de3755000-563de3797000 rw-p 00000000 00:00 0                          [heap]
7f85cebf0000-7f85cec70000 rw-p 00000000 00:00 0 
7f85cec70000-7f85cedf4000 ---p 00000000 00:00 0 
7f85cedf4000-7f85ceef1000 rw-p 00000000 00:00 0 
7f85ceef1000-7f85ceef5000 ---p 00000000 00:00 0 
7f85ceef5000-7f85ceff2000 rw-p 00000000 00:00 0 
7f85ceff2000-7f85ceff6000 ---p 00000000 00:00 0 
7f85ceff6000-7f85cf0f3000 rw-p 00000000 00:00 0 
7f85cf0f3000-7f85cf0f7000 ---p 00000000 00:00 0 
7f85cf0f7000-7f85cf1f4000 rw-p 00000000 00:00 0 
7f85cf1f4000-7f85cf1f8000 ---p 00000000 00:00 0 
7f85cf1f8000-7f85cf2f5000 rw-p 00000000 00:00 0 
7f85cf2f5000-7f85cf2f9000 ---p 00000000 00:00 0 
7f85cf2f9000-7f85cf3f6000 rw-p 00000000 00:00 0 
7f85cf3fa000-7f85cf4f7000 rw-p 00000000 00:00 0 
7f85cf4f7000-7f85cf4fb000 ---p 00000000 00:00 0 
7f85cf4fb000-7f85cf5f8000 rw-p 00000000 00:00 0 
7f85cf5f8000-7f85cf5fc000 ---p 00000000 00:00 0 
7f85cf5fc000-7f85cf6f9000 rw-p 00000000 00:00 0 
7f85cf6f9000-7f85cf6fd000 ---p 00000000 00:00 0 
7f85cf6fd000-7f85cf7fa000 rw-p 00000000 00:00 0 
7f85cf7fa000-7f85cf7fe000 ---p 00000000 00:00 0 
7f85cf7fe000-7f85cf8fb000 rw-p 00000000 00:00 0 
7f85cf8fb000-7f85cf8ff000 ---p 00000000 00:00 0 
7f85cf8ff000-7f85cf9fc000 rw-p 00000000 00:00 0 
7f85cf9fc000-7f85cfa00000 ---p 00000000 00:00 0 
7f85cfa00000-7f85cfafd000 rw-p 00000000 00:00 0 
7f85cfafd000-7f85cfb01000 ---p 00000000 00:00 0 
7f85cfb01000-7f85cfbfe000 rw-p 00000000 00:00 0 
7f85cfbfe000-7f85cfc02000 ---p 00000000 00:00 0 
7f85cfc02000-7f85cfcff000 rw-p 00000000 00:00 0 
7f85cfcff000-7f85cfd03000 ---p 00000000 00:00 0 
7f85cfd03000-7f85d0000000 rw-p 00000000 00:00 0 
7f85d0000000-7f85d0228000 rw-p 00000000 00:00 0 
7f85d0228000-7f85d4000000 ---p 00000000 00:00 0 
7f85d40bd000-7f85d42bd000 rw-p 00000000 00:00 0 
7f85d42bd000-7f85d42c1000 ---p 00000000 00:00 0 
7f85d42c1000-7f85d43be000 rw-p 00000000 00:00 0 
7f85d43be000-7f85d43c2000 ---p 00000000 00:00 0 
7f85d43c2000-7f85d44bf000 rw-p 00000000 00:00 0 
7f85d44bf000-7f85d44c3000 ---p 00000000 00:00 0 
7f85d44c3000-7f85d45c0000 rw-p 00000000 00:00 0 
7f85d45c4000-7f85d46c1000 rw-p 00000000 00:00 0 
7f85d46c1000-7f85d46c5000 ---p 00000000 00:00 0 
7f85d46c5000-7f85d47c2000 rw-p 00000000 00:00 0 
7f85d47c2000-7f85d47c6000 ---p 00000000 00:00 0 
7f85d47c6000-7f85d48c3000 rw-p 00000000 00:00 0 
7f85d48c3000-7f85d48c7000 ---p 00000000 00:00 0 
7f85d48c7000-7f85d4bc4000 rw-p 00000000 00:00 0 
7f85d4bc4000-7f85d4bc8000 ---p 00000000 00:00 0 
7f85d4bc8000-7f85d4cc5000 rw-p 00000000 00:00 0 
7f85d4cc5000-7f85d4cc9000 ---p 00000000 00:00 0 
7f85d4cc9000-7f85d4dc6000 rw-p 00000000 00:00 0 
7f85d4dc6000-7f85d4dca000 ---p 00000000 00:00 0 
7f85d4dca000-7f85d4ec7000 rw-p 00000000 00:00 0 
7f85d4ec7000-7f85d4ecb000 ---p 00000000 00:00 0 
7f85d4ecb000-7f85d4fc8000 rw-p 00000000 00:00 0 
7f85d4fc8000-7f85d4fcc000 ---p 00000000 00:00 0 
7f85d4fcc000-7f85d50c9000 rw-p 00000000 00:00 0 
7f85d50c9000-7f85d50cd000 ---p 00000000 00:00 0 
7f85d50cd000-7f85d51ca000 rw-p 00000000 00:00 0 
7f85d51ca000-7f85d51ce000 ---p 00000000 00:00 0 
7f85d51ce000-7f85d54cb000 rw-p 00000000 00:00 0 
7f85d54cb000-7f85d56cb000 rw-p 00000000 00:00 0 
7f85d56cb000-7f85d58cb000 rw-p 00000000 00:00 0 
7f85d58cb000-7f85d58fa000 r-xp 00000000 08:10 379787                     /tmp/liblz4-java-4879341118331809681.so
7f85d58fa000-7f85d5af9000 ---p 0002f000 08:10 379787                     /tmp/liblz4-java-4879341118331809681.so
7f85d5af9000-7f85d5afa000 r--p 0002e000 08:10 379787                     /tmp/liblz4-java-4879341118331809681.so
7f85d5afa000-7f85d5afb000 rw-p 0002f000 08:10 379787                     /tmp/liblz4-java-4879341118331809681.so
7f85d5afb000-7f85d5aff000 ---p 00000000 00:00 0 
7f85d5aff000-7f85d5dfc000 rw-p 00000000 00:00 0 
7f85d5dfc000-7f85d5ffc000 rw-p 00000000 00:00 0 
7f85d5ffc000-7f85d61fc000 rw-p 00000000 00:00 0 
7f85d61fc000-7f85d6200000 ---p 00000000 00:00 0 
7f85d6200000-7f85d62fd000 rw-p 00000000 00:00 0 
7f85d62fd000-7f85d6301000 ---p 00000000 00:00 0 
7f85d6301000-7f85d63fe000 rw-p 00000000 00:00 0 
7f85d63fe000-7f85d6402000 ---p 00000000 00:00 0 
7f85d6402000-7f85d68ff000 rw-p 00000000 00:00 0 
7f85d6911000-7f85d6915000 ---p 00000000 00:00 0 
7f85d6915000-7f85d6a12000 rw-p 00000000 00:00 0 
7f85d6a12000-7f85d6a16000 ---p 00000000 00:00 0 
7f85d6a16000-7f85d6b13000 rw-p 00000000 00:00 0 
7f85d6b13000-7f85d6b17000 ---p 00000000 00:00 0 
7f85d6b17000-7f85d6c14000 rw-p 00000000 00:00 0 
7f85d6cf1000-7f85d6cf5000 ---p 00000000 00:00 0 
7f85d6cf5000-7f85d6df2000 rw-p 00000000 00:00 0 
7f85d6df2000-7f85d6df6000 ---p 00000000 00:00 0 
7f85d6df6000-7f85d6ef3000 rw-p 00000000 00:00 0 
7f85d6ef3000-7f85d6ef7000 ---p 00000000 00:00 0 
7f85d6ef7000-7f85d71f4000 rw-p 00000000 00:00 0 
7f85d71f4000-7f85d71f8000 ---p 00000000 00:00 0 
7f85d71f8000-7f85d72f5000 rw-p 00000000 00:00 0 
7f85d72f5000-7f85d72f9000 ---p 00000000 00:00 0 
7f85d72f9000-7f85d73f6000 rw-p 00000000 00:00 0 
7f85d73f6000-7f85d73fa000 ---p 00000000 00:00 0 
7f85d73fa000-7f85d74f7000 rw-p 00000000 00:00 0 
7f85d74f7000-7f85d74fb000 ---p 00000000 00:00 0 
7f85d74fb000-7f85d75f8000 rw-p 00000000 00:00 0 
7f85d75f8000-7f85d75fc000 ---p 00000000 00:00 0 
7f85d75fc000-7f85d76f9000 rw-p 00000000 00:00 0 
7f85d76f9000-7f85d76fd000 ---p 00000000 00:00 0 
7f85d76fd000-7f85d77fa000 rw-p 00000000 00:00 0 
7f85d77fa000-7f85d77fe000 ---p 00000000 00:00 0 
7f85d77fe000-7f85d78fb000 rw-p 00000000 00:00 0 
7f85d78fb000-7f85d78ff000 ---p 00000000 00:00 0 
7f85d78ff000-7f85d79fc000 rw-p 00000000 00:00 0 
7f85d79fc000-7f85d7a00000 ---p 00000000 00:00 0 
7f85d7a00000-7f85d7afd000 rw-p 00000000 00:00 0 
7f85d7afd000-7f85d7b01000 ---p 00000000 00:00 0 
7f85d7b01000-7f85d7bfe000 rw-p 00000000 00:00 0 
7f85d7bfe000-7f85d7c02000 ---p 00000000 00:00 0 
7f85d7c02000-7f85d7cff000 rw-p 00000000 00:00 0 
7f85d7cff000-7f85d7d03000 ---p 00000000 00:00 0 
7f85d7d03000-7f85d8000000 rw-p 00000000 00:00 0 
7f85d8000000-7f85d804d000 rw-p 00000000 00:00 0 
7f85d804d000-7f85dc000000 ---p 00000000 00:00 0 
7f85dc000000-7f85dc021000 rw-p 00000000 00:00 0 
7f85dc021000-7f85e0000000 ---p 00000000 00:00 0 
7f85e0000000-7f85e0021000 rw-p 00000000 00:00 0 
7f85e0021000-7f85e4000000 ---p 00000000 00:00 0 
7f85e4000000-7f85e4029000 rw-p 00000000 00:00 0 
7f85e4029000-7f85e8000000 ---p 00000000 00:00 0 
7f85e8000000-7f85e8063000 rw-p 00000000 00:00 0 
7f85e8063000-7f85ec000000 ---p 00000000 00:00 0 
7f85ec000000-7f85ec021000 rw-p 00000000 00:00 0 
7f85ec021000-7f85f0000000 ---p 00000000 00:00 0 
7f85f0000000-7f85f0021000 rw-p 00000000 00:00 0 
7f85f0021000-7f85f4000000 ---p 00000000 00:00 0 
7f85f4000000-7f85f4842000 rw-p 00000000 00:00 0 
7f85f4842000-7f85f8000000 ---p 00000000 00:00 0 
7f85f8000000-7f85f80d8000 rw-p 00000000 00:00 0 
7f85f80d8000-7f85fc000000 ---p 00000000 00:00 0 
7f85fc000000-7f85fc02f000 rw-p 00000000 00:00 0 
7f85fc02f000-7f8600000000 ---p 00000000 00:00 0 
7f8600000000-7f8600021000 rw-p 00000000 00:00 0 
7f8600021000-7f8604000000 ---p 00000000 00:00 0 
7f8604000000-7f8604021000 rw-p 00000000 00:00 0 
7f8604021000-7f8608000000 ---p 00000000 00:00 0 
7f8608000000-7f8608f1e000 rw-p 00000000 00:00 0 
7f8608f1e000-7f860c000000 ---p 00000000 00:00 0 
7f860c000000-7f860c060000 rw-p 00000000 00:00 0 
7f860c060000-7f8610000000 ---p 00000000 00:00 0 
7f8610000000-7f8610021000 rw-p 00000000 00:00 0 
7f8610021000-7f8614000000 ---p 00000000 00:00 0 
7f8614000000-7f8614021000 rw-p 00000000 00:00 0 
7f8614021000-7f8618000000 ---p 00000000 00:00 0 
7f8618000000-7f8618319000 rw-p 00000000 00:00 0 
7f8618319000-7f861c000000 ---p 00000000 00:00 0 
7f861c000000-7f861cf35000 rw-p 00000000 00:00 0 
7f861cf35000-7f8620000000 ---p 00000000 00:00 0 
7f8620000000-7f8620021000 rw-p 00000000 00:00 0 
7f8620021000-7f8624000000 ---p 00000000 00:00 0 
7f8624000000-7f86253f2000 rw-p 00000000 00:00 0 
7f86253f2000-7f8628000000 ---p 00000000 00:00 0 
7f8628000000-7f8628021000 rw-p 00000000 00:00 0 
7f8628021000-7f862c000000 ---p 00000000 00:00 0 
7f862c081000-7f862c281000 rw-p 00000000 00:00 0 
7f862c281000-7f862c285000 ---p 00000000 00:00 0 
7f862c285000-7f862c382000 rw-p 00000000 00:00 0 
7f862c382000-7f862c386000 ---p 00000000 00:00 0 
7f862c386000-7f862c483000 rw-p 00000000 00:00 0 
7f862c483000-7f862c487000 ---p 00000000 00:00 0 
7f862c487000-7f862c584000 rw-p 00000000 00:00 0 
7f862c584000-7f862c588000 ---p 00000000 00:00 0 
7f862c588000-7f862c685000 rw-p 00000000 00:00 0 
7f862c685000-7f862c689000 ---p 00000000 00:00 0 
7f862c689000-7f862c786000 rw-p 00000000 00:00 0 
7f862c786000-7f862c78a000 ---p 00000000 00:00 0 
7f862c78a000-7f862c887000 rw-p 00000000 00:00 0 
7f862c887000-7f862c88b000 ---p 00000000 00:00 0 
7f862c88b000-7f862c988000 rw-p 00000000 00:00 0 
7f862c988000-7f862c98c000 ---p 00000000 00:00 0 
7f862c98c000-7f862ca89000 rw-p 00000000 00:00 0 
7f862ca89000-7f862ca8d000 ---p 00000000 00:00 0 
7f862ca8d000-7f862cb8a000 rw-p 00000000 00:00 0 
7f862cb8a000-7f862cb8e000 ---p 00000000 00:00 0 
7f862cb8e000-7f862cc8b000 rw-p 00000000 00:00 0 
7f862cc8b000-7f862cc8f000 ---p 00000000 00:00 0 
7f862cc8f000-7f862cf8c000 rw-p 00000000 00:00 0 
7f862cf8c000-7f862cf90000 ---p 00000000 00:00 0 
7f862cf90000-7f862d08d000 rw-p 00000000 00:00 0 
7f862d08d000-7f862d091000 ---p 00000000 00:00 0 
7f862d091000-7f862d18e000 rw-p 00000000 00:00 0 
7f862d18e000-7f862d192000 ---p 00000000 00:00 0 
7f862d192000-7f862d28f000 rw-p 00000000 00:00 0 
7f862d28f000-7f862d293000 ---p 00000000 00:00 0 
7f862d293000-7f862d390000 rw-p 00000000 00:00 0 
7f862d390000-7f862d394000 ---p 00000000 00:00 0 
7f862d394000-7f862d491000 rw-p 00000000 00:00 0 
7f862d491000-7f862d495000 ---p 00000000 00:00 0 
7f862d495000-7f862d792000 rw-p 00000000 00:00 0 
7f862d792000-7f862d793000 ---p 00000000 00:00 0 
7f862d793000-7f862d894000 rw-p 00000000 00:00 0 
7f862d894000-7f862d895000 ---p 00000000 00:00 0 
7f862d895000-7f862db96000 rw-p 00000000 00:00 0 
7f862db96000-7f862db9a000 ---p 00000000 00:00 0 
7f862db9a000-7f862dc97000 rw-p 00000000 00:00 0 
7f862dc97000-7f862dc99000 r-xp 00000000 08:10 371975                     /usr/lib/jvm/java-11-openjdk-amd64/lib/libextnet.so
7f862dc99000-7f862de98000 ---p 00002000 08:10 371975                     /usr/lib/jvm/java-11-openjdk-amd64/lib/libextnet.so
7f862de98000-7f862de99000 r--p 00001000 08:10 371975                     /usr/lib/jvm/java-11-openjdk-amd64/lib/libextnet.so
7f862de99000-7f862de9a000 rw-p 00002000 08:10 371975                     /usr/lib/jvm/java-11-openjdk-amd64/lib/libextnet.so
7f862de9a000-7f862de9e000 ---p 00000000 00:00 0 
7f862de9e000-7f862e19b000 rw-p 00000000 00:00 0 
7f862e19b000-7f862e19c000 r-xp 00000000 08:10 371981                     /usr/lib/jvm/java-11-openjdk-amd64/lib/libjaas.so
7f862e19c000-7f862e39b000 ---p 00001000 08:10 371981                     /usr/lib/jvm/java-11-openjdk-amd64/lib/libjaas.so
7f862e39b000-7f862e39c000 r--p 00000000 08:10 371981                     /usr/lib/jvm/java-11-openjdk-amd64/lib/libjaas.so
7f862e39c000-7f862e39d000 rw-p 00001000 08:10 371981                     /usr/lib/jvm/java-11-openjdk-amd64/lib/libjaas.so
7f862e39d000-7f862e3a2000 r-xp 00000000 08:10 371992                     /usr/lib/jvm/java-11-openjdk-amd64/lib/libmanagement_ext.so
7f862e3a2000-7f862e5a2000 ---p 00005000 08:10 371992                     /usr/lib/jvm/java-11-openjdk-amd64/lib/libmanagement_ext.so
7f862e5a2000-7f862e5a3000 r--p 00005000 08:10 371992                     /usr/lib/jvm/java-11-openjdk-amd64/lib/libmanagement_ext.so
7f862e5a3000-7f862e5a4000 rw-p 00006000 08:10 371992                     /usr/lib/jvm/java-11-openjdk-amd64/lib/libmanagement_ext.so
7f862e5a4000-7f862e5a8000 r-xp 00000000 08:10 371990                     /usr/lib/jvm/java-11-openjdk-amd64/lib/libmanagement.so
7f862e5a8000-7f862e7a8000 ---p 00004000 08:10 371990                     /usr/lib/jvm/java-11-openjdk-amd64/lib/libmanagement.so
7f862e7a8000-7f862e7a9000 r--p 00004000 08:10 371990                     /usr/lib/jvm/java-11-openjdk-amd64/lib/libmanagement.so
7f862e7a9000-7f862e7aa000 rw-p 00005000 08:10 371990                     /usr/lib/jvm/java-11-openjdk-amd64/lib/libmanagement.so
7f862e7aa000-7f862e7ae000 ---p 00000000 00:00 0 
7f862e7ae000-7f862eaab000 rw-p 00000000 00:00 0 
7f862eaab000-7f862ecab000 rw-p 00000000 00:00 0 
7f862ecab000-7f862ecc2000 r-xp 00000000 08:10 204150                     /lib/x86_64-linux-gnu/libresolv-2.27.so
7f862ecc2000-7f862eec2000 ---p 00017000 08:10 204150                     /lib/x86_64-linux-gnu/libresolv-2.27.so
7f862eec2000-7f862eec3000 r--p 00017000 08:10 204150                     /lib/x86_64-linux-gnu/libresolv-2.27.so
7f862eec3000-7f862eec4000 rw-p 00018000 08:10 204150                     /lib/x86_64-linux-gnu/libresolv-2.27.so
7f862eec4000-7f862eec6000 rw-p 00000000 00:00 0 
7f862eec6000-7f862eecb000 r-xp 00000000 08:10 204143                     /lib/x86_64-linux-gnu/libnss_dns-2.27.so
7f862eecb000-7f862f0cb000 ---p 00005000 08:10 204143                     /lib/x86_64-linux-gnu/libnss_dns-2.27.so
7f862f0cb000-7f862f0cc000 r--p 00005000 08:10 204143                     /lib/x86_64-linux-gnu/libnss_dns-2.27.so
7f862f0cc000-7f862f0cd000 rw-p 00006000 08:10 204143                     /lib/x86_64-linux-gnu/libnss_dns-2.27.so
7f862f0cd000-7f862f2cd000 rw-p 00000000 00:00 0 
7f862f2cd000-7f862f2ce000 ---p 00000000 00:00 0 
7f862f2ce000-7f862f3cf000 rw-p 00000000 00:00 0 
7f862f3cf000-7f862f3d3000 ---p 00000000 00:00 0 
7f862f3d3000-7f862f4d0000 rw-p 00000000 00:00 0 
7f862f4d0000-7f862f4e6000 r-xp 00000000 08:10 371994                     /usr/lib/jvm/java-11-openjdk-amd64/lib/libnet.so
7f862f4e6000-7f862f6e5000 ---p 00016000 08:10 371994                     /usr/lib/jvm/java-11-openjdk-amd64/lib/libnet.so
7f862f6e5000-7f862f6e6000 r--p 00015000 08:10 371994                     /usr/lib/jvm/java-11-openjdk-amd64/lib/libnet.so
7f862f6e6000-7f862f6e7000 rw-p 00016000 08:10 371994                     /usr/lib/jvm/java-11-openjdk-amd64/lib/libnet.so
7f862f6e7000-7f862f6f7000 r-xp 00000000 08:10 371995                     /usr/lib/jvm/java-11-openjdk-amd64/lib/libnio.so
7f862f6f7000-7f862f8f6000 ---p 00010000 08:10 371995                     /usr/lib/jvm/java-11-openjdk-amd64/lib/libnio.so
7f862f8f6000-7f862f8f7000 r--p 0000f000 08:10 371995                     /usr/lib/jvm/java-11-openjdk-amd64/lib/libnio.so
7f862f8f7000-7f862f8f8000 rw-p 00010000 08:10 371995                     /usr/lib/jvm/java-11-openjdk-amd64/lib/libnio.so
7f862f8f8000-7f862f8fc000 ---p 00000000 00:00 0 
7f862f8fc000-7f862f9f9000 rw-p 00000000 00:00 0 
7f862f9f9000-7f862f9fa000 ---p 00000000 00:00 0 
7f862f9fa000-7f862fafb000 rw-p 00000000 00:00 0 
7f862fafb000-7f862faff000 ---p 00000000 00:00 0 
7f862faff000-7f862fbfc000 rw-p 00000000 00:00 0 
7f862fbfc000-7f862fc00000 ---p 00000000 00:00 0 
7f862fc00000-7f862fcfd000 rw-p 00000000 00:00 0 
7f862fcfd000-7f862fd01000 ---p 00000000 00:00 0 
7f862fd01000-7f862fdfe000 rw-p 00000000 00:00 0 
7f862fdfe000-7f862fe02000 ---p 00000000 00:00 0 
7f862fe02000-7f862feff000 rw-p 00000000 00:00 0 
7f862feff000-7f862ff03000 ---p 00000000 00:00 0 
7f862ff03000-7f8630000000 rw-p 00000000 00:00 0 
7f8630000000-7f863002a000 rw-p 00000000 00:00 0 
7f863002a000-7f8634000000 ---p 00000000 00:00 0 
7f8634000000-7f86344cc000 rw-p 00000000 00:00 0 
7f86344cc000-7f8638000000 ---p 00000000 00:00 0 
7f8638000000-7f8638021000 rw-p 00000000 00:00 0 
7f8638021000-7f863c000000 ---p 00000000 00:00 0 
7f863c000000-7f863c29a000 rw-p 00000000 00:00 0 
7f863c29a000-7f8640000000 ---p 00000000 00:00 0 
7f8640000000-7f8640021000 rw-p 00000000 00:00 0 
7f8640021000-7f8644000000 ---p 00000000 00:00 0 
7f8644000000-7f8644021000 rw-p 00000000 00:00 0 
7f8644021000-7f8648000000 ---p 00000000 00:00 0 
7f8648000000-7f86480af000 rw-p 00000000 00:00 0 
7f86480af000-7f864c000000 ---p 00000000 00:00 0 
7f864c000000-7f864e238000 rw-p 00000000 00:00 0 
7f864e238000-7f864eff8000 ---p 00000000 00:00 0 
7f864eff8000-7f864f238000 rw-p 00000000 00:00 0 
7f864f238000-7f864fff8000 ---p 00000000 00:00 0 
7f864fff8000-7f8650000000 rw-p 00000000 00:00 0 
7f8650000000-7f8650021000 rw-p 00000000 00:00 0 
7f8650021000-7f8654000000 ---p 00000000 00:00 0 
7f865402b000-7f865402f000 ---p 00000000 00:00 0 
7f865402f000-7f865404d000 rw-p 00000000 00:00 0 
7f865404d000-7f8654051000 ---p 00000000 00:00 0 
7f8654051000-7f865406f000 rw-p 00000000 00:00 0 
7f865406f000-7f8654073000 ---p 00000000 00:00 0 
7f8654073000-7f8654891000 rw-p 00000000 00:00 0 
7f8654891000-7f8654b01000 rwxp 00000000 00:00 0 
7f8654b01000-7f8654e21000 ---p 00000000 00:00 0 
7f8654e21000-7f8655811000 rwxp 00000000 00:00 0 
7f8655811000-7f865c359000 ---p 00000000 00:00 0 
7f865c359000-7f865c629000 rwxp 00000000 00:00 0 
7f865c629000-7f8663891000 ---p 00000000 00:00 0 
7f8663891000-7f866c000000 r--s 00000000 08:10 372020                     /usr/lib/jvm/java-11-openjdk-amd64/lib/modules
7f866c000000-7f866e94c000 rw-p 00000000 00:00 0 
7f866e94c000-7f8670000000 ---p 00000000 00:00 0 
7f8670012000-7f8670043000 rw-p 00000000 00:00 0 
7f8670043000-7f86701b6000 r--p 00000000 08:10 18421                      /usr/lib/locale/C.UTF-8/LC_COLLATE
7f86701b6000-7f8670351000 r--p 00000000 08:10 29128                      /usr/lib/locale/locale-archive
7f8670351000-7f8670355000 ---p 00000000 00:00 0 
7f8670355000-7f8670452000 rw-p 00000000 00:00 0 
7f8670452000-7f8670456000 ---p 00000000 00:00 0 
7f8670456000-7f8670553000 rw-p 00000000 00:00 0 
7f8670553000-7f8670554000 ---p 00000000 00:00 0 
7f8670554000-7f8670731000 rw-p 00000000 00:00 0 
7f8670731000-7f8670732000 ---p 00000000 00:00 0 
7f8670732000-7f8670833000 rw-p 00000000 00:00 0 
7f8670833000-7f8670834000 ---p 00000000 00:00 0 
7f8670834000-7f8670d39000 rw-p 00000000 00:00 0 
7f8670d39000-7f8670d3a000 ---p 00000000 00:00 0 
7f8670d3a000-7f8670e3b000 rw-p 00000000 00:00 0 
7f8670e3b000-7f8670e3c000 ---p 00000000 00:00 0 
7f8670e3c000-7f8670f84000 rw-p 00000000 00:00 0 
7f8670f84000-7f867113c000 ---p 00000000 00:00 0 
7f867113c000-7f8671184000 rw-p 00000000 00:00 0 
7f8671184000-7f867133c000 ---p 00000000 00:00 0 
7f867133c000-7f8671384000 rw-p 00000000 00:00 0 
7f8671384000-7f867153c000 ---p 00000000 00:00 0 
7f867153c000-7f8671941000 rw-p 00000000 00:00 0 
7f8671941000-7f8671942000 ---p 00000000 00:00 0 
7f8671942000-7f8671a49000 rw-p 00000000 00:00 0 
7f8671a49000-7f8671b2e000 ---p 00000000 00:00 0 
7f8671b2e000-7f8671b42000 rw-p 00000000 00:00 0 
7f8671b42000-7f8671c19000 ---p 00000000 00:00 0 
7f8671c19000-7f8671c20000 r-xp 00000000 08:10 372010                     /usr/lib/jvm/java-11-openjdk-amd64/lib/libzip.so
7f8671c20000-7f8671e1f000 ---p 00007000 08:10 372010                     /usr/lib/jvm/java-11-openjdk-amd64/lib/libzip.so
7f8671e1f000-7f8671e20000 r--p 00006000 08:10 372010                     /usr/lib/jvm/java-11-openjdk-amd64/lib/libzip.so
7f8671e20000-7f8671e21000 rw-p 00007000 08:10 372010                     /usr/lib/jvm/java-11-openjdk-amd64/lib/libzip.so
7f8671e21000-7f8671e2c000 r-xp 00000000 08:10 204144                     /lib/x86_64-linux-gnu/libnss_files-2.27.so
7f8671e2c000-7f867202b000 ---p 0000b000 08:10 204144                     /lib/x86_64-linux-gnu/libnss_files-2.27.so
7f867202b000-7f867202c000 r--p 0000a000 08:10 204144                     /lib/x86_64-linux-gnu/libnss_files-2.27.so
7f867202c000-7f867202d000 rw-p 0000b000 08:10 204144                     /lib/x86_64-linux-gnu/libnss_files-2.27.so
7f867202d000-7f8672033000 rw-p 00000000 00:00 0 
7f8672033000-7f867204a000 r-xp 00000000 08:10 204141                     /lib/x86_64-linux-gnu/libnsl-2.27.so
7f867204a000-7f8672249000 ---p 00017000 08:10 204141                     /lib/x86_64-linux-gnu/libnsl-2.27.so
7f8672249000-7f867224a000 r--p 00016000 08:10 204141                     /lib/x86_64-linux-gnu/libnsl-2.27.so
7f867224a000-7f867224b000 rw-p 00017000 08:10 204141                     /lib/x86_64-linux-gnu/libnsl-2.27.so
7f867224b000-7f867224d000 rw-p 00000000 00:00 0 
7f867224d000-7f8672258000 r-xp 00000000 08:10 204146                     /lib/x86_64-linux-gnu/libnss_nis-2.27.so
7f8672258000-7f8672457000 ---p 0000b000 08:10 204146                     /lib/x86_64-linux-gnu/libnss_nis-2.27.so
7f8672457000-7f8672458000 r--p 0000a000 08:10 204146                     /lib/x86_64-linux-gnu/libnss_nis-2.27.so
7f8672458000-7f8672459000 rw-p 0000b000 08:10 204146                     /lib/x86_64-linux-gnu/libnss_nis-2.27.so
7f8672459000-7f8672461000 r-xp 00000000 08:10 204142                     /lib/x86_64-linux-gnu/libnss_compat-2.27.so
7f8672461000-7f8672661000 ---p 00008000 08:10 204142                     /lib/x86_64-linux-gnu/libnss_compat-2.27.so
7f8672661000-7f8672662000 r--p 00008000 08:10 204142                     /lib/x86_64-linux-gnu/libnss_compat-2.27.so
7f8672662000-7f8672663000 rw-p 00009000 08:10 204142                     /lib/x86_64-linux-gnu/libnss_compat-2.27.so
7f8672663000-7f8672668000 r-xp 00000000 08:10 371986                     /usr/lib/jvm/java-11-openjdk-amd64/lib/libjimage.so
7f8672668000-7f8672867000 ---p 00005000 08:10 371986                     /usr/lib/jvm/java-11-openjdk-amd64/lib/libjimage.so
7f8672867000-7f8672868000 r--p 00004000 08:10 371986                     /usr/lib/jvm/java-11-openjdk-amd64/lib/libjimage.so
7f8672868000-7f8672869000 rw-p 00005000 08:10 371986                     /usr/lib/jvm/java-11-openjdk-amd64/lib/libjimage.so
7f8672869000-7f8672892000 r-xp 00000000 08:10 371982                     /usr/lib/jvm/java-11-openjdk-amd64/lib/libjava.so
7f8672892000-7f8672a92000 ---p 00029000 08:10 371982                     /usr/lib/jvm/java-11-openjdk-amd64/lib/libjava.so
7f8672a92000-7f8672a93000 r--p 00029000 08:10 371982                     /usr/lib/jvm/java-11-openjdk-amd64/lib/libjava.so
7f8672a93000-7f8672a94000 rw-p 0002a000 08:10 371982                     /usr/lib/jvm/java-11-openjdk-amd64/lib/libjava.so
7f8672a94000-7f8672a95000 rw-p 00000000 00:00 0 
7f8672a95000-7f8672aa2000 r-xp 00000000 08:10 372009                     /usr/lib/jvm/java-11-openjdk-amd64/lib/libverify.so
7f8672aa2000-7f8672ca1000 ---p 0000d000 08:10 372009                     /usr/lib/jvm/java-11-openjdk-amd64/lib/libverify.so
7f8672ca1000-7f8672ca3000 r--p 0000c000 08:10 372009                     /usr/lib/jvm/java-11-openjdk-amd64/lib/libverify.so
7f8672ca3000-7f8672ca4000 rw-p 0000e000 08:10 372009                     /usr/lib/jvm/java-11-openjdk-amd64/lib/libverify.so
7f8672ca4000-7f8672cab000 r-xp 00000000 08:10 204151                     /lib/x86_64-linux-gnu/librt-2.27.so
7f8672cab000-7f8672eaa000 ---p 00007000 08:10 204151                     /lib/x86_64-linux-gnu/librt-2.27.so
7f8672eaa000-7f8672eab000 r--p 00006000 08:10 204151                     /lib/x86_64-linux-gnu/librt-2.27.so
7f8672eab000-7f8672eac000 rw-p 00007000 08:10 204151                     /lib/x86_64-linux-gnu/librt-2.27.so
7f8672eac000-7f8672ec3000 r-xp 00000000 08:10 23958                      /lib/x86_64-linux-gnu/libgcc_s.so.1
7f8672ec3000-7f86730c2000 ---p 00017000 08:10 23958                      /lib/x86_64-linux-gnu/libgcc_s.so.1
7f86730c2000-7f86730c3000 r--p 00016000 08:10 23958                      /lib/x86_64-linux-gnu/libgcc_s.so.1
7f86730c3000-7f86730c4000 rw-p 00017000 08:10 23958                      /lib/x86_64-linux-gnu/libgcc_s.so.1
7f86730c4000-7f8673261000 r-xp 00000000 08:10 204138                     /lib/x86_64-linux-gnu/libm-2.27.so
7f8673261000-7f8673460000 ---p 0019d000 08:10 204138                     /lib/x86_64-linux-gnu/libm-2.27.so
7f8673460000-7f8673461000 r--p 0019c000 08:10 204138                     /lib/x86_64-linux-gnu/libm-2.27.so
7f8673461000-7f8673462000 rw-p 0019d000 08:10 204138                     /lib/x86_64-linux-gnu/libm-2.27.so
7f8673462000-7f86735db000 r-xp 00000000 08:10 22091                      /usr/lib/x86_64-linux-gnu/libstdc++.so.6.0.25
7f86735db000-7f86737db000 ---p 00179000 08:10 22091                      /usr/lib/x86_64-linux-gnu/libstdc++.so.6.0.25
7f86737db000-7f86737e5000 r--p 00179000 08:10 22091                      /usr/lib/x86_64-linux-gnu/libstdc++.so.6.0.25
7f86737e5000-7f86737e7000 rw-p 00183000 08:10 22091                      /usr/lib/x86_64-linux-gnu/libstdc++.so.6.0.25
7f86737e7000-7f86737eb000 rw-p 00000000 00:00 0 
7f86737eb000-7f86749e1000 r-xp 00000000 08:10 372025                     /usr/lib/jvm/java-11-openjdk-amd64/lib/server/libjvm.so
7f86749e1000-7f8674be0000 ---p 011f6000 08:10 372025                     /usr/lib/jvm/java-11-openjdk-amd64/lib/server/libjvm.so
7f8674be0000-7f8674ca1000 r--p 011f5000 08:10 372025                     /usr/lib/jvm/java-11-openjdk-amd64/lib/server/libjvm.so
7f8674ca1000-7f8674cdc000 rw-p 012b6000 08:10 372025                     /usr/lib/jvm/java-11-openjdk-amd64/lib/server/libjvm.so
7f8674cdc000-7f8674d33000 rw-p 00000000 00:00 0 
7f8674d33000-7f8674d4d000 r-xp 00000000 08:10 204149                     /lib/x86_64-linux-gnu/libpthread-2.27.so
7f8674d4d000-7f8674f4c000 ---p 0001a000 08:10 204149                     /lib/x86_64-linux-gnu/libpthread-2.27.so
7f8674f4c000-7f8674f4d000 r--p 00019000 08:10 204149                     /lib/x86_64-linux-gnu/libpthread-2.27.so
7f8674f4d000-7f8674f4e000 rw-p 0001a000 08:10 204149                     /lib/x86_64-linux-gnu/libpthread-2.27.so
7f8674f4e000-7f8674f52000 rw-p 00000000 00:00 0 
7f8674f52000-7f8674f55000 r-xp 00000000 08:10 204136                     /lib/x86_64-linux-gnu/libdl-2.27.so
7f8674f55000-7f8675154000 ---p 00003000 08:10 204136                     /lib/x86_64-linux-gnu/libdl-2.27.so
7f8675154000-7f8675155000 r--p 00002000 08:10 204136                     /lib/x86_64-linux-gnu/libdl-2.27.so
7f8675155000-7f8675156000 rw-p 00003000 08:10 204136                     /lib/x86_64-linux-gnu/libdl-2.27.so
7f8675156000-7f8675172000 r-xp 00000000 08:10 34169                      /lib/x86_64-linux-gnu/libz.so.1.2.11
7f8675172000-7f8675371000 ---p 0001c000 08:10 34169                      /lib/x86_64-linux-gnu/libz.so.1.2.11
7f8675371000-7f8675372000 r--p 0001b000 08:10 34169                      /lib/x86_64-linux-gnu/libz.so.1.2.11
7f8675372000-7f8675373000 rw-p 0001c000 08:10 34169                      /lib/x86_64-linux-gnu/libz.so.1.2.11
7f8675373000-7f867555a000 r-xp 00000000 08:10 204115                     /lib/x86_64-linux-gnu/libc-2.27.so
7f867555a000-7f867575a000 ---p 001e7000 08:10 204115                     /lib/x86_64-linux-gnu/libc-2.27.so
7f867575a000-7f867575e000 r--p 001e7000 08:10 204115                     /lib/x86_64-linux-gnu/libc-2.27.so
7f867575e000-7f8675760000 rw-p 001eb000 08:10 204115                     /lib/x86_64-linux-gnu/libc-2.27.so
7f8675760000-7f8675764000 rw-p 00000000 00:00 0 
7f8675764000-7f8675774000 r-xp 00000000 08:10 371966                     /usr/lib/jvm/java-11-openjdk-amd64/lib/jli/libjli.so
7f8675774000-7f8675973000 ---p 00010000 08:10 371966                     /usr/lib/jvm/java-11-openjdk-amd64/lib/jli/libjli.so
7f8675973000-7f8675974000 r--p 0000f000 08:10 371966                     /usr/lib/jvm/java-11-openjdk-amd64/lib/jli/libjli.so
7f8675974000-7f8675975000 rw-p 00010000 08:10 371966                     /usr/lib/jvm/java-11-openjdk-amd64/lib/jli/libjli.so
7f8675975000-7f867599c000 r-xp 00000000 08:10 22090                      /lib/x86_64-linux-gnu/ld-2.27.so
7f86759b0000-7f86759e1000 r--p 00000000 08:10 18422                      /usr/lib/locale/C.UTF-8/LC_CTYPE
7f86759e1000-7f86759e2000 r--p 00000000 08:10 18428                      /usr/lib/locale/C.UTF-8/LC_NUMERIC
7f86759e2000-7f86759e3000 r--p 00000000 08:10 18431                      /usr/lib/locale/C.UTF-8/LC_TIME
7f86759e3000-7f86759e4000 r--p 00000000 08:10 18426                      /usr/lib/locale/C.UTF-8/LC_MONETARY
7f86759e4000-7f86759e5000 r--p 00000000 08:10 18425                      /usr/lib/locale/C.UTF-8/LC_MESSAGES/SYS_LC_MESSAGES
7f86759e5000-7f86759e6000 r--p 00000000 08:10 18429                      /usr/lib/locale/C.UTF-8/LC_PAPER
7f86759e6000-7f86759e7000 r--p 00000000 08:10 18427                      /usr/lib/locale/C.UTF-8/LC_NAME
7f86759e7000-7f86759e8000 r--p 00000000 08:10 18420                      /usr/lib/locale/C.UTF-8/LC_ADDRESS
7f86759e8000-7f86759e9000 r--p 00000000 08:10 18430                      /usr/lib/locale/C.UTF-8/LC_TELEPHONE
7f86759e9000-7f86759ea000 r--p 00000000 08:10 18424                      /usr/lib/locale/C.UTF-8/LC_MEASUREMENT
7f86759ea000-7f86759f1000 r--s 00000000 08:10 204403                     /usr/lib/x86_64-linux-gnu/gconv/gconv-modules.cache
7f86759f1000-7f8675a83000 rw-p 00000000 00:00 0 
7f8675a83000-7f8675a8a000 ---p 00000000 00:00 0 
7f8675a8a000-7f8675a8c000 r--s 00007000 08:10 372556                     /usr/share/java/java-atk-wrapper.jar
7f8675a8c000-7f8675a90000 ---p 00000000 00:00 0 
7f8675a90000-7f8675b8f000 rw-p 00000000 00:00 0 
7f8675b8f000-7f8675b90000 r--p 00000000 08:10 18423                      /usr/lib/locale/C.UTF-8/LC_IDENTIFICATION
7f8675b90000-7f8675b98000 rw-s 00000000 08:10 377990                     /tmp/hsperfdata_tom1k/4693
7f8675b98000-7f8675b99000 ---p 00000000 00:00 0 
7f8675b99000-7f8675b9a000 r--p 00000000 00:00 0 
7f8675b9a000-7f8675b9c000 rw-p 00000000 00:00 0 
7f8675b9c000-7f8675b9d000 r--p 00027000 08:10 22090                      /lib/x86_64-linux-gnu/ld-2.27.so
7f8675b9d000-7f8675b9e000 rw-p 00028000 08:10 22090                      /lib/x86_64-linux-gnu/ld-2.27.so
7f8675b9e000-7f8675b9f000 rw-p 00000000 00:00 0 
7ffecc998000-7ffecc9b9000 rw-p 00000000 00:00 0                          [stack]
7ffecc9d8000-7ffecc9db000 r--p 00000000 00:00 0                          [vvar]
7ffecc9db000-7ffecc9dd000 r-xp 00000000 00:00 0                          [vdso]


VM Arguments:
jvm_args: -Xmx1g 
java_command: org.apache.spark.deploy.SparkSubmit cf.py ml-latest-small result/recommendation/
java_class_path (initial): /home/tom1k/anaconda3/lib/python3.7/site-packages/pyspark/conf:/home/tom1k/anaconda3/lib/python3.7/site-packages/pyspark/jars/antlr4-runtime-4.8-1.jar:/home/tom1k/anaconda3/lib/python3.7/site-packages/pyspark/jars/commons-net-3.1.jar:/home/tom1k/anaconda3/lib/python3.7/site-packages/pyspark/jars/HikariCP-2.5.1.jar:/home/tom1k/anaconda3/lib/python3.7/site-packages/pyspark/jars/arpack_combined_all-0.1.jar:/home/tom1k/anaconda3/lib/python3.7/site-packages/pyspark/jars/jakarta.validation-api-2.0.2.jar:/home/tom1k/anaconda3/lib/python3.7/site-packages/pyspark/jars/mesos-1.4.0-shaded-protobuf.jar:/home/tom1k/anaconda3/lib/python3.7/site-packages/pyspark/jars/jakarta.servlet-api-4.0.3.jar:/home/tom1k/anaconda3/lib/python3.7/site-packages/pyspark/jars/RoaringBitmap-0.9.0.jar:/home/tom1k/anaconda3/lib/python3.7/site-packages/pyspark/jars/spire-macros_2.12-0.17.0-M1.jar:/home/tom1k/anaconda3/lib/python3.7/site-packages/pyspark/jars/json-1.8.jar:/home/tom1k/anaconda3/lib/python3.7/site-packages/pyspark/jars/jackson-jaxrs-base-2.9.5.jar:/home/tom1k/anaconda3/lib/python3.7/site-packages/pyspark/jars/paranamer-2.8.jar:/home/tom1k/anaconda3/lib/python3.7/site-packages/pyspark/jars/hive-service-rpc-3.1.2.jar:/home/tom1k/anaconda3/lib/python3.7/site-packages/pyspark/jars/aopalliance-1.0.jar:/home/tom1k/anaconda3/lib/python3.7/site-packages/pyspark/jars/jodd-core-3.5.2.jar:/home/tom1k/anaconda3/lib/python3.7/site-packages/pyspark/jars/commons-text-1.6.jar:/home/tom1k/anaconda3/lib/python3.7/site-packages/pyspark/jars/avro-ipc-1.8.2.jar:/home/tom1k/anaconda3/lib/python3.7/site-packages/pyspark/jars/jakarta.inject-2.6.1.jar:/home/tom1k/anaconda3/lib/python3.7/site-packages/pyspark/jars/commons-httpclient-3.1.jar:/home/tom1k/anaconda3/lib/python3.7/site-packages/pyspark/jars/spark-kubernetes_2.12-3.1.1.jar:/home/tom1k/anaconda3/lib/python3.7/site-packages/pyspark/jars/guava-14.0.1.jar:/home/tom1k/anaconda3/lib/python3.7/site-packages/pyspark/jars/chill_2.12-
Launcher Type: SUN_STANDARD

[Global flags]
     intx CICompilerCount                          = 3                                         {product} {ergonomic}
     uint ConcGCThreads                            = 1                                         {product} {ergonomic}
     uint G1ConcRefinementThreads                  = 4                                         {product} {ergonomic}
   size_t G1HeapRegionSize                         = 1048576                                   {product} {ergonomic}
    uintx GCDrainStackTargetSize                   = 64                                        {product} {ergonomic}
   size_t InitialHeapSize                          = 104857600                                 {product} {ergonomic}
   size_t MarkStackSize                            = 4194304                                   {product} {ergonomic}
   size_t MaxHeapSize                              = 1073741824                                {product} {command line}
   size_t MaxNewSize                               = 643825664                                 {product} {ergonomic}
   size_t MinHeapDeltaBytes                        = 1048576                                   {product} {ergonomic}
    uintx NonNMethodCodeHeapSize                   = 5830732                                {pd product} {ergonomic}
    uintx NonProfiledCodeHeapSize                  = 122913754                              {pd product} {ergonomic}
    uintx ProfiledCodeHeapSize                     = 122913754                              {pd product} {ergonomic}
    uintx ReservedCodeCacheSize                    = 251658240                              {pd product} {ergonomic}
     bool SegmentedCodeCache                       = true                                      {product} {ergonomic}
     bool UseCompressedClassPointers               = true                                 {lp64_product} {ergonomic}
     bool UseCompressedOops                        = true                                 {lp64_product} {ergonomic}
     bool UseG1GC                                  = true                                      {product} {ergonomic}

Logging:
Log output configuration:
 #0: stdout all=warning uptime,level,tags
 #1: stderr all=off uptime,level,tags

Environment Variables:
JAVA_HOME=/usr
PATH=/home/tom1k/anaconda3/bin:/home/tom1k/anaconda3/condabin:/usr/local/sbin:/usr/local/bin:/usr/sbin:/usr/bin:/sbin:/bin:/usr/games:/usr/local/games:/mnt/c/Program Files/Common Files/Oracle/Java/javapath:/mnt/c/Program Files (x86)/Common Files/Oracle/Java/javapath:/mnt/c/Program Files (x86)/VMware/VMware Player/bin:/mnt/c/ProgramData/Oracle/Java/javapath:/mnt/c/Program Files/NVIDIA GPU Computing Toolkit/CUDA/v9.0/bin:/mnt/c/Program Files/NVIDIA GPU Computing Toolkit/CUDA/v9.0/libnvvp:/mnt/c/Windows/system32:/mnt/c/Windows:/mnt/c/Windows/System32/Wbem:/mnt/c/Windows/System32/WindowsPowerShell/v1.0:/mnt/c/Windows/System32/OpenSSH:/mnt/c/Program Files (x86)/NVIDIA Corporation/PhysX/Common:/mnt/c/Program Files/NVIDIA Corporation/NVIDIA NvDLISR:/mnt/c/Program Files/Git/cmd:/mnt/d/Programas:/mnt/c/WINDOWS/system32:/mnt/c/WINDOWS:/mnt/c/WINDOWS/System32/Wbem:/mnt/c/WINDOWS/System32/WindowsPowerShell/v1.0:/mnt/c/WINDOWS/System32/OpenSSH:/mnt/c/Program Files/Docker/Docker/resources/bin:/mnt/c/ProgramData/DockerDesktop/version-bin:/mnt/c/Users/Tom1k/AppData/Local/Microsoft/WindowsApps:/mnt/c/Users/Tom1k/AppData/Local/Programs/Microsoft VS Code/bin:/mnt/c/Users/Tom1k/AppData/Roaming/npm:/mnt/d/Programas/swipl/bin:/snap/bin
SHELL=/bin/bash
DISPLAY=:0.0
HOSTTYPE=x86_64
LANG=C.UTF-8

Signal Handlers:
SIGSEGV: [libjvm.so+0xeef6f0], sa_mask[0]=11111111011111111101111111111110, sa_flags=SA_RESTART|SA_SIGINFO
SIGBUS: [libjvm.so+0xeef6f0], sa_mask[0]=11111111011111111101111111111110, sa_flags=SA_RESTART|SA_SIGINFO
SIGFPE: [libjvm.so+0xeef6f0], sa_mask[0]=11111111011111111101111111111110, sa_flags=SA_RESTART|SA_SIGINFO
SIGPIPE: [libjvm.so+0xc12a00], sa_mask[0]=11111111011111111101111111111110, sa_flags=SA_RESTART|SA_SIGINFO
SIGXFSZ: [libjvm.so+0xc12a00], sa_mask[0]=11111111011111111101111111111110, sa_flags=SA_RESTART|SA_SIGINFO
SIGILL: [libjvm.so+0xeef6f0], sa_mask[0]=11111111011111111101111111111110, sa_flags=SA_RESTART|SA_SIGINFO
SIGUSR2: [libjvm.so+0xc128a0], sa_mask[0]=00000000000000000000000000000000, sa_flags=SA_RESTART|SA_SIGINFO
SIGHUP: [libjvm.so+0xc12c00], sa_mask[0]=11111111011111111101111111111110, sa_flags=SA_RESTART|SA_SIGINFO
SIGINT: [libjvm.so+0xc12c00], sa_mask[0]=11111111011111111101111111111110, sa_flags=SA_RESTART|SA_SIGINFO
SIGTERM: [libjvm.so+0xc12c00], sa_mask[0]=11111111011111111101111111111110, sa_flags=SA_RESTART|SA_SIGINFO
SIGQUIT: [libjvm.so+0xc12c00], sa_mask[0]=11111111011111111101111111111110, sa_flags=SA_RESTART|SA_SIGINFO


---------------  S Y S T E M  ---------------

OS:DISTRIB_ID=Ubuntu
DISTRIB_RELEASE=18.04
DISTRIB_CODENAME=bionic
DISTRIB_DESCRIPTION="Ubuntu 18.04.4 LTS"
uname:Linux 4.19.104-microsoft-standard #1 SMP Wed Feb 19 06:37:35 UTC 2020 x86_64
OS uptime: 0 days 3:27 hours
libc:glibc 2.27 NPTL 2.27 
rlimit (soft/hard): STACK 8192k/infinity , CORE 0k/infinity , NPROC 25141/25141 , NOFILE 4096/4096 , AS infinity/infinity , CPU infinity/infinity , DATA infinity/infinity , FSIZE infinity/infinity , MEMLOCK 64k/64k
load average:9.56 6.10 3.10

/proc/meminfo:
MemTotal:        6440992 kB
MemFree:           92084 kB
MemAvailable:          0 kB
Buffers:             524 kB
Cached:             6760 kB
SwapCached:          168 kB
Active:          5474068 kB
Inactive:         788712 kB
Active(anon):    5473716 kB
Inactive(anon):   782044 kB
Active(file):        352 kB
Inactive(file):     6668 kB
Unevictable:           0 kB
Mlocked:               0 kB
SwapTotal:       2097152 kB
SwapFree:              0 kB
Dirty:                 0 kB
Writeback:            72 kB
AnonPages:       6255560 kB
Mapped:             4252 kB
Shmem:                36 kB
Slab:              26528 kB
SReclaimable:      13656 kB
SUnreclaim:        12872 kB
KernelStack:        2560 kB
PageTables:        17460 kB
NFS_Unstable:          0 kB
Bounce:                0 kB
WritebackTmp:          0 kB
CommitLimit:     5317648 kB
Committed_AS:    8516092 kB
VmallocTotal:   34359738367 kB
VmallocUsed:           0 kB
VmallocChunk:          0 kB
Percpu:              944 kB
AnonHugePages:     88064 kB
ShmemHugePages:        0 kB
ShmemPmdMapped:        0 kB
HugePages_Total:       0
HugePages_Free:        0
HugePages_Rsvd:        0
HugePages_Surp:        0
Hugepagesize:       2048 kB
Hugetlb:               0 kB
DirectMap4k:       15360 kB
DirectMap2M:     2441216 kB
DirectMap1G:     5242880 kB

/sys/kernel/mm/transparent_hugepage/enabled:
[always] madvise never
/sys/kernel/mm/transparent_hugepage/defrag (defrag/compaction efforts parameter):
always defer defer+madvise [madvise] never

/proc/sys/kernel/threads-max (system-wide limit on the number of threads):
50282
/proc/sys/vm/max_map_count (maximum number of memory map areas a process may have):
65530
/proc/sys/kernel/pid_max (system-wide limit on number of process identifiers):
32768

container (cgroup) information:
container_type: cgroupv1
cpu_cpuset_cpus: 0-3
cpu_memory_nodes: 0
active_processor_count: 4
cpu_quota: -1
cpu_period: 100000
cpu_shares: -1
memory_limit_in_bytes: -1
memory_and_swap_limit_in_bytes: -1
memory_soft_limit_in_bytes: -1
memory_usage_in_bytes: 6411976704
memory_max_usage_in_bytes: 1119961088

Hyper-V virtualization detected
Steal ticks since vm start: 0
Steal ticks percentage since vm start:  0.000

CPU:total 4 (initial active 4) (4 cores per cpu, 1 threads per core) family 6 model 60 stepping 3 microcode 0xffffffff, cmov, cx8, fxsr, mmx, sse, sse2, sse3, ssse3, sse4.1, sse4.2, popcnt, avx, avx2, aes, clmul, erms, lzcnt, tsc, bmi1, bmi2, fma
CPU Model and flags from /proc/cpuinfo:
model name	: Intel(R) Core(TM) i5-4460  CPU @ 3.20GHz
flags		: fpu vme de pse tsc msr pae mce cx8 apic sep mtrr pge mca cmov pat pse36 clflush mmx fxsr sse sse2 ss ht syscall nx pdpe1gb rdtscp lm constant_tsc rep_good nopl xtopology cpuid pni pclmulqdq ssse3 fma cx16 pcid sse4_1 sse4_2 movbe popcnt aes xsave avx f16c rdrand hypervisor lahf_lm abm invpcid_single pti ssbd ibrs ibpb stibp fsgsbase bmi1 avx2 smep bmi2 erms invpcid xsaveopt md_clear flush_l1d arch_capabilities
Online cpus:
0-3
Offline cpus:

BIOS frequency limitation:
<Not Available>
Frequency switch latency (ns):
<Not Available>
Available cpu frequencies:
<Not Available>
Current governor:
<Not Available>
Core performance/turbo boost:
<Not Available>

Memory: 4k page, physical 6440992k(93284k free), swap 2097152k(0k free)

vm_info: OpenJDK 64-Bit Server VM (11.0.10+9-Ubuntu-0ubuntu1.18.04) for linux-amd64 JRE (11.0.10+9-Ubuntu-0ubuntu1.18.04), built on Jan 20 2021 02:32:18 by "unknown" with gcc 7.5.0

END.
